\BOOKMARK [0][-]{chapter*.1}{Acknowledgments}{}% 1
\BOOKMARK [0][-]{chapter*.2}{List of Tables}{}% 2
\BOOKMARK [0][-]{chapter*.3}{List of Figures}{}% 3
\BOOKMARK [0][-]{chapter*.4}{Abstract}{}% 4
\BOOKMARK [0][-]{chapter..1}{Introduction}{}% 5
\BOOKMARK [1][-]{section..1.1}{Summarizing Query Logs}{chapter..1}% 6
\BOOKMARK [1][-]{section..1.2}{Summarizing schemas of semi-structured data}{chapter..1}% 7
\BOOKMARK [1][-]{section..1.3}{Summarizing Probabilistic Databases}{chapter..1}% 8
\BOOKMARK [0][-]{chapter..2}{Related Work}{}% 9
\BOOKMARK [1][-]{section..2.1}{Query Log Compression}{chapter..2}% 10
\BOOKMARK [2][-]{subsection..2.1.1}{Workload Analysis}{section..2.1}% 11
\BOOKMARK [2][-]{subsection..2.1.2}{Workload Compression Schemes}{section..2.1}% 12
\BOOKMARK [1][-]{section..2.2}{Similarity Metrics for SQL Query Clustering}{chapter..2}% 13
\BOOKMARK [1][-]{section..2.3}{Interactive Semi-Structured Schema Design}{chapter..2}% 14
\BOOKMARK [1][-]{section..2.4}{Summarizing Probabilistic Databases}{chapter..2}% 15
\BOOKMARK [0][-]{chapter..3}{Application: Query Log Compression for Workload Analytics}{}% 16
\BOOKMARK [1][-]{section..3.1}{Introduction}{chapter..3}% 17
\BOOKMARK [1][-]{section..3.2}{Problem Definition}{chapter..3}% 18
\BOOKMARK [2][-]{subsection..3.2.1}{Preliminaries and Notation}{section..3.2}% 19
\BOOKMARK [2][-]{subsection..3.2.2}{Coding Queries}{section..3.2}% 20
\BOOKMARK [2][-]{subsection..3.2.3}{Log Compression}{section..3.2}% 21
\BOOKMARK [3][-]{subsubsection..3.2.3.1}{Information Content of Logs}{subsection..3.2.3}% 22
\BOOKMARK [3][-]{subsubsection..3.2.3.2}{Communicating Information Content}{subsection..3.2.3}% 23
\BOOKMARK [1][-]{section..3.3}{Information Loss}{chapter..3}% 24
\BOOKMARK [2][-]{subsection..3.3.1}{Lossless Summaries}{section..3.3}% 25
\BOOKMARK [2][-]{subsection..3.3.2}{Lossy Summaries}{section..3.3}% 26
\BOOKMARK [2][-]{subsection..3.3.3}{Idealized Information Loss Measures}{section..3.3}% 27
\BOOKMARK [1][-]{section..3.4}{Practical Loss Measure}{chapter..3}% 28
\BOOKMARK [2][-]{subsection..3.4.1}{Reproduction Error}{section..3.4}% 29
\BOOKMARK [2][-]{subsection..3.4.2}{Practical vs Idealized Information Loss}{section..3.4}% 30
\BOOKMARK [1][-]{section..3.5}{Pattern Mixture Encodings}{chapter..3}% 31
\BOOKMARK [2][-]{subsection..3.5.1}{Example: Naive Mixture Encodings}{section..3.5}% 32
\BOOKMARK [2][-]{subsection..3.5.2}{Generalized Encoding Fidelity}{section..3.5}% 33
\BOOKMARK [1][-]{section..3.6}{Pattern Mixture Compression}{chapter..3}% 34
\BOOKMARK [2][-]{subsection..3.6.1}{Constructing Naive Mixture Encodings}{section..3.6}% 35
\BOOKMARK [3][-]{subsubsection..3.6.1.1}{Clustering}{subsection..3.6.1}% 36
\BOOKMARK [2][-]{subsection..3.6.2}{Approximating Log Statistics}{section..3.6}% 37
\BOOKMARK [2][-]{subsection..3.6.3}{Pattern Synthesis \046 Frequency Estimate}{section..3.6}% 38
\BOOKMARK [2][-]{subsection..3.6.4}{Naive Encoding Refinement}{section..3.6}% 39
\BOOKMARK [1][-]{section..3.7}{Experiments}{chapter..3}% 40
\BOOKMARK [2][-]{subsection..3.7.1}{Validating Reproduction Error}{section..3.7}% 41
\BOOKMARK [2][-]{subsection..3.7.2}{Feature-Correlation Refinement}{section..3.7}% 42
\BOOKMARK [3][-]{subsubsection..3.7.2.1}{Pattern-based vs Naive Mixture Encodings}{subsection..3.7.2}% 43
\BOOKMARK [3][-]{subsubsection..3.7.2.2}{Refining Naive Mixture Encodings}{subsection..3.7.2}% 44
\BOOKMARK [1][-]{section..3.8}{Alternative Applications}{chapter..3}% 45
\BOOKMARK [2][-]{subsection..3.8.1}{Experiments}{section..3.8}% 46
\BOOKMARK [3][-]{subsubsection..3.8.1.1}{Error Measures}{subsection..3.8.1}% 47
\BOOKMARK [3][-]{subsubsection..3.8.1.2}{Classical Laserlight and MTV}{subsection..3.8.1}% 48
\BOOKMARK [3][-]{subsubsection..3.8.1.3}{Generalizing Laserlight and MTV}{subsection..3.8.1}% 49
\BOOKMARK [3][-]{subsubsection..3.8.1.4}{Comparison with Naive Mixture Encoding}{subsection..3.8.1}% 50
\BOOKMARK [1][-]{section..3.9}{Acknowledgements}{chapter..3}% 51
\BOOKMARK [0][-]{chapter..4}{Further Study: Similarity Metrics for SQL Query Clustering}{}% 52
\BOOKMARK [1][-]{section..4.1}{Introduction}{chapter..4}% 53
\BOOKMARK [1][-]{section..4.2}{Feature Engineering}{chapter..4}% 54
\BOOKMARK [2][-]{subsection..4.2.1}{Regularization Rules}{section..4.2}% 55
\BOOKMARK [1][-]{section..4.3}{Quality Metrics}{chapter..4}% 56
\BOOKMARK [2][-]{subsection..4.3.1}{Workloads}{section..4.3}% 57
\BOOKMARK [2][-]{subsection..4.3.2}{Clustering validation measures}{section..4.3}% 58
\BOOKMARK [1][-]{section..4.4}{Experiments}{chapter..4}% 59
\BOOKMARK [2][-]{subsection..4.4.1}{Evaluation on SQL similarity metrics}{section..4.4}% 60
\BOOKMARK [2][-]{subsection..4.4.2}{Evaluation of feature engineering}{section..4.4}% 61
\BOOKMARK [3][-]{subsubsection..4.4.2.1}{Per-Query Similarity}{subsection..4.4.2}% 62
\BOOKMARK [2][-]{subsection..4.4.3}{Case Study}{section..4.4}% 63
\BOOKMARK [2][-]{subsection..4.4.4}{Analysis of regularization by module}{section..4.4}% 64
\BOOKMARK [1][-]{section..4.5}{Discussion}{chapter..4}% 65
\BOOKMARK [1][-]{section..4.6}{Application Scenarios}{chapter..4}% 66
\BOOKMARK [0][-]{chapter..5}{Application: Interactive Semi-Structured Schema Design}{}% 67
\BOOKMARK [1][-]{section..5.1}{Introduction}{chapter..5}% 68
\BOOKMARK [2][-]{subsection..5.1.1}{Extracting Relational Entities}{section..5.1}% 69
\BOOKMARK [2][-]{subsection..5.1.2}{Human-Scale S3D}{section..5.1}% 70
\BOOKMARK [2][-]{subsection..5.1.3}{Overview}{section..5.1}% 71
\BOOKMARK [1][-]{section..5.2}{Summarization}{chapter..5}% 72
\BOOKMARK [2][-]{subsection..5.2.1}{Data Model}{section..5.2}% 73
\BOOKMARK [2][-]{subsection..5.2.2}{Paths as Attributes}{section..5.2}% 74
\BOOKMARK [2][-]{subsection..5.2.3}{Schema Collections}{section..5.2}% 75
\BOOKMARK [2][-]{subsection..5.2.4}{Summarizing Schema Collections}{section..5.2}% 76
\BOOKMARK [1][-]{section..5.3}{Visualization}{chapter..5}% 77
\BOOKMARK [2][-]{subsection..5.3.1}{Schema Segmentation}{section..5.3}% 78
\BOOKMARK [2][-]{subsection..5.3.2}{Schema Exploration}{section..5.3}% 79
\BOOKMARK [2][-]{subsection..5.3.3}{An Iterative Approach}{section..5.3}% 80
\BOOKMARK [0][-]{chapter..6}{Application: Summarizing Probabilistic Databases}{}% 81
\BOOKMARK [1][-]{section..6.1}{Introduction}{chapter..6}% 82
\BOOKMARK [1][-]{section..6.2}{Problem Definition}{chapter..6}% 83
\BOOKMARK [2][-]{subsection..6.2.1}{Practical Input Representation}{section..6.2}% 84
\BOOKMARK [2][-]{subsection..6.2.2}{Summarizing Joint Distribution}{section..6.2}% 85
\BOOKMARK [2][-]{subsection..6.2.3}{Pattern-based Summary}{section..6.2}% 86
\BOOKMARK [1][-]{section..6.3}{Marginal Estimation}{chapter..6}% 87
\BOOKMARK [1][-]{section..6.4}{Summary Accuracy}{chapter..6}% 88
\BOOKMARK [2][-]{subsection..6.4.1}{Query Accuracy}{section..6.4}% 89
\BOOKMARK [3][-]{subsubsection..6.4.1.1}{Accuracy under join}{subsection..6.4.1}% 90
\BOOKMARK [3][-]{subsubsection..6.4.1.2}{Accuracy under selection predicate}{subsection..6.4.1}% 91
\BOOKMARK [3][-]{subsubsection..6.4.1.3}{Accuracy under project}{subsection..6.4.1}% 92
\BOOKMARK [1][-]{section..6.5}{Constructing Summaries}{chapter..6}% 93
\BOOKMARK [0][-]{chapter..7}{Conclusions and Future Work}{}% 94
\BOOKMARK [1][-]{section..7.1}{Query Log Compression for Workload Analytics}{chapter..7}% 95
\BOOKMARK [2][-]{subsection..7.1.1}{Conclusion}{section..7.1}% 96
\BOOKMARK [2][-]{subsection..7.1.2}{Future Work}{section..7.1}% 97
\BOOKMARK [1][-]{section..7.2}{Similarity Metrics for SQL Query Clustering}{chapter..7}% 98
\BOOKMARK [2][-]{subsection..7.2.1}{Conclusion}{section..7.2}% 99
\BOOKMARK [2][-]{subsection..7.2.2}{Future Work}{section..7.2}% 100
\BOOKMARK [1][-]{section..7.3}{Interactive Semi-Structured Schema Design}{chapter..7}% 101
\BOOKMARK [2][-]{subsection..7.3.1}{Conclusion}{section..7.3}% 102
\BOOKMARK [2][-]{subsection..7.3.2}{Future Work}{section..7.3}% 103
\BOOKMARK [1][-]{section..7.4}{Summarizing Probabilistic Databases}{chapter..7}% 104
\BOOKMARK [2][-]{subsection..7.4.1}{Conclusion}{section..7.4}% 105
\BOOKMARK [2][-]{subsection..7.4.2}{Related Work}{section..7.4}% 106
\BOOKMARK [0][-]{section*.33}{Appendices}{}% 107
\BOOKMARK [0][-]{Appendix.1.A}{Query Log Compression for workload Analytics}{}% 108
\BOOKMARK [1][-]{section.1.A.1}{NOMENCLATURE}{Appendix.1.A}% 109
\BOOKMARK [1][-]{section.1.A.2}{Proof of Proposition ??}{Appendix.1.A}% 110
\BOOKMARK [1][-]{section.1.A.3}{Marginal Selection}{Appendix.1.A}% 111
\BOOKMARK [1][-]{section.1.A.4}{Sampling From Space of Distributions}{Appendix.1.A}% 112
\BOOKMARK [2][-]{subsection.1.A.4.1}{Preliminary Sampling}{section.1.A.4}% 113
\BOOKMARK [2][-]{subsection.1.A.4.2}{Incorporating Constraints}{section.1.A.4}% 114
\BOOKMARK [1][-]{section.1.A.5}{Algorithm Configurations}{Appendix.1.A}% 115
\BOOKMARK [2][-]{subsection.1.A.5.1}{Laserlight Algorithm}{section.1.A.5}% 116
\BOOKMARK [2][-]{subsection.1.A.5.2}{MTV Algorithm}{section.1.A.5}% 117
\BOOKMARK [2][-]{subsection.1.A.5.3}{Configuring Regularized Laserlight Mixture}{section.1.A.5}% 118
\BOOKMARK [1][-]{section.1.A.6}{Interpreting Naive Mixture Encoding}{Appendix.1.A}% 119
\BOOKMARK [0][-]{section*.35}{Bibliography}{}% 120
