This is pdfTeX, Version 3.14159265-2.6-1.40.19 (TeX Live 2018) (preloaded format=pdflatex 2018.4.16)  12 SEP 2019 01:54
entering extended mode
 restricted \write18 enabled.
 %&-line parsing enabled.
**main.tex
(./main.tex
LaTeX2e <2018-04-01> patch level 2
Babel <3.18> and hyphenation patterns for 84 language(s) loaded.
(./ociamthesis.cls
Document Class: ociamthesis 2010/11/22 v2.2 OCIAM thesis class
(/usr/local/texlive/2018/texmf-dist/tex/latex/base/report.cls
Document Class: report 2014/09/29 v1.4h Standard LaTeX document class
(/usr/local/texlive/2018/texmf-dist/tex/latex/base/size12.clo
File: size12.clo 2014/09/29 v1.4h Standard LaTeX file (size option)
)
\c@part=\count80
\c@chapter=\count81
\c@section=\count82
\c@subsection=\count83
\c@subsubsection=\count84
\c@paragraph=\count85
\c@subparagraph=\count86
\c@figure=\count87
\c@table=\count88
\abovecaptionskip=\skip41
\belowcaptionskip=\skip42
\bibindent=\dimen102
)
(/usr/local/texlive/2018/texmf-dist/tex/latex/graphics/graphicx.sty
Package: graphicx 2017/06/01 v1.1a Enhanced LaTeX Graphics (DPC,SPQR)

(/usr/local/texlive/2018/texmf-dist/tex/latex/graphics/keyval.sty
Package: keyval 2014/10/28 v1.15 key=value parser (DPC)
\KV@toks@=\toks14
)
(/usr/local/texlive/2018/texmf-dist/tex/latex/graphics/graphics.sty
Package: graphics 2017/06/25 v1.2c Standard LaTeX Graphics (DPC,SPQR)

(/usr/local/texlive/2018/texmf-dist/tex/latex/graphics/trig.sty
Package: trig 2016/01/03 v1.10 sin cos tan (DPC)
)
(/usr/local/texlive/2018/texmf-dist/tex/latex/graphics-cfg/graphics.cfg
File: graphics.cfg 2016/06/04 v1.11 sample graphics configuration
)
Package graphics Info: Driver file: pdftex.def on input line 99.

(/usr/local/texlive/2018/texmf-dist/tex/latex/graphics-def/pdftex.def
File: pdftex.def 2018/01/08 v1.0l Graphics/color driver for pdftex
))
\Gin@req@height=\dimen103
\Gin@req@width=\dimen104
)
(/usr/local/texlive/2018/texmf-dist/tex/latex/base/ifthen.sty
Package: ifthen 2014/09/29 v1.1c Standard LaTeX ifthen package (DPC)
)) (./preamble.tex (/usr/local/texlive/2018/texmf-dist/tex/latex/amsfonts/amssy
mb.sty
Package: amssymb 2013/01/14 v3.01 AMS font symbols

(/usr/local/texlive/2018/texmf-dist/tex/latex/amsfonts/amsfonts.sty
Package: amsfonts 2013/01/14 v3.01 Basic AMSFonts support
\@emptytoks=\toks15
\symAMSa=\mathgroup4
\symAMSb=\mathgroup5
LaTeX Font Info:    Overwriting math alphabet `\mathfrak' in version `bold'
(Font)                  U/euf/m/n --> U/euf/b/n on input line 106.
))
(/usr/local/texlive/2018/texmf-dist/tex/latex/algorithms/algorithm.sty
Package: algorithm 2009/08/24 v0.1 Document Style `algorithm' - floating enviro
nment

(/usr/local/texlive/2018/texmf-dist/tex/latex/float/float.sty
Package: float 2001/11/08 v1.3d Float enhancements (AL)
\c@float@type=\count89
\float@exts=\toks16
\float@box=\box26
\@float@everytoks=\toks17
\@floatcapt=\box27
)
\@float@every@algorithm=\toks18
\c@algorithm=\count90
)
(/usr/local/texlive/2018/texmf-dist/tex/latex/oberdiek/stackrel.sty
Package: stackrel 2016/05/16 v1.3 Adding subscript option to stackrel (HO)

(/usr/local/texlive/2018/texmf-dist/tex/generic/oberdiek/etexcmds.sty
Package: etexcmds 2016/05/16 v1.6 Avoid name clashes with e-TeX commands (HO)

(/usr/local/texlive/2018/texmf-dist/tex/generic/oberdiek/infwarerr.sty
Package: infwarerr 2016/05/16 v1.4 Providing info/warning/error messages (HO)
)
(/usr/local/texlive/2018/texmf-dist/tex/generic/oberdiek/ifluatex.sty
Package: ifluatex 2016/05/16 v1.4 Provides the ifluatex switch (HO)
Package ifluatex Info: LuaTeX not detected.
)
Package etexcmds Info: Could not find \expanded.
(etexcmds)             That can mean that you are not using pdfTeX 1.50 or
(etexcmds)             that some package has redefined \expanded.
(etexcmds)             In the latter case, load this package earlier.
)
(/usr/local/texlive/2018/texmf-dist/tex/generic/oberdiek/pdftexcmds.sty
Package: pdftexcmds 2018/01/30 v0.27 Utility functions of pdfTeX for LuaTeX (HO
)

(/usr/local/texlive/2018/texmf-dist/tex/generic/oberdiek/ltxcmds.sty
Package: ltxcmds 2016/05/16 v1.23 LaTeX kernel commands for general use (HO)
)
(/usr/local/texlive/2018/texmf-dist/tex/generic/oberdiek/ifpdf.sty
Package: ifpdf 2017/03/15 v3.2 Provides the ifpdf switch
)
Package pdftexcmds Info: LuaTeX not detected.
Package pdftexcmds Info: \pdf@primitive is available.
Package pdftexcmds Info: \pdf@ifprimitive is available.
Package pdftexcmds Info: \pdfdraftmode found.
))
(/usr/local/texlive/2018/texmf-dist/tex/latex/algorithmicx/algpseudocode.sty
Package: algpseudocode 

(/usr/local/texlive/2018/texmf-dist/tex/latex/algorithmicx/algorithmicx.sty
Package: algorithmicx 2005/04/27 v1.2 Algorithmicx

Document Style algorithmicx 1.2 - a greatly improved `algorithmic' style
\c@ALG@line=\count91
\c@ALG@rem=\count92
\c@ALG@nested=\count93
\ALG@tlm=\skip43
\ALG@thistlm=\skip44
\c@ALG@Lnr=\count94
\c@ALG@blocknr=\count95
\c@ALG@storecount=\count96
\c@ALG@tmpcounter=\count97
\ALG@tmplength=\skip45
)
Document Style - pseudocode environments for use with the `algorithmicx' style
) (/usr/local/texlive/2018/texmf-dist/tex/latex/base/textcomp.sty
Package: textcomp 2017/04/05 v2.0i Standard LaTeX package
Package textcomp Info: Sub-encoding information:
(textcomp)               5 = only ISO-Adobe without \textcurrency
(textcomp)               4 = 5 + \texteuro
(textcomp)               3 = 4 + \textohm
(textcomp)               2 = 3 + \textestimated + \textcurrency
(textcomp)               1 = TS1 - \textcircled - \t
(textcomp)               0 = TS1 (full)
(textcomp)             Font families with sub-encoding setting implement
(textcomp)             only a restricted character set as indicated.
(textcomp)             Family '?' is the default used for unknown fonts.
(textcomp)             See the documentation for details.
Package textcomp Info: Setting ? sub-encoding to TS1/1 on input line 79.

(/usr/local/texlive/2018/texmf-dist/tex/latex/base/ts1enc.def
File: ts1enc.def 2001/06/05 v3.0e (jk/car/fm) Standard LaTeX file
Now handling font encoding TS1 ...
... processing UTF-8 mapping file for font encoding TS1

(/usr/local/texlive/2018/texmf-dist/tex/latex/base/ts1enc.dfu
File: ts1enc.dfu 2018/04/05 v1.2c UTF-8 support for inputenc
   defining Unicode char U+00A2 (decimal 162)
   defining Unicode char U+00A3 (decimal 163)
   defining Unicode char U+00A4 (decimal 164)
   defining Unicode char U+00A5 (decimal 165)
   defining Unicode char U+00A6 (decimal 166)
   defining Unicode char U+00A7 (decimal 167)
   defining Unicode char U+00A8 (decimal 168)
   defining Unicode char U+00A9 (decimal 169)
   defining Unicode char U+00AA (decimal 170)
   defining Unicode char U+00AC (decimal 172)
   defining Unicode char U+00AE (decimal 174)
   defining Unicode char U+00AF (decimal 175)
   defining Unicode char U+00B0 (decimal 176)
   defining Unicode char U+00B1 (decimal 177)
   defining Unicode char U+00B2 (decimal 178)
   defining Unicode char U+00B3 (decimal 179)
   defining Unicode char U+00B4 (decimal 180)
   defining Unicode char U+00B5 (decimal 181)
   defining Unicode char U+00B6 (decimal 182)
   defining Unicode char U+00B7 (decimal 183)
   defining Unicode char U+00B9 (decimal 185)
   defining Unicode char U+00BA (decimal 186)
   defining Unicode char U+00BC (decimal 188)
   defining Unicode char U+00BD (decimal 189)
   defining Unicode char U+00BE (decimal 190)
   defining Unicode char U+00D7 (decimal 215)
   defining Unicode char U+00F7 (decimal 247)
   defining Unicode char U+0192 (decimal 402)
   defining Unicode char U+02C7 (decimal 711)
   defining Unicode char U+02D8 (decimal 728)
   defining Unicode char U+02DD (decimal 733)
   defining Unicode char U+0E3F (decimal 3647)
   defining Unicode char U+2016 (decimal 8214)
   defining Unicode char U+2020 (decimal 8224)
   defining Unicode char U+2021 (decimal 8225)
   defining Unicode char U+2022 (decimal 8226)
   defining Unicode char U+2030 (decimal 8240)
   defining Unicode char U+2031 (decimal 8241)
   defining Unicode char U+203B (decimal 8251)
   defining Unicode char U+203D (decimal 8253)
   defining Unicode char U+2044 (decimal 8260)
   defining Unicode char U+204E (decimal 8270)
   defining Unicode char U+2052 (decimal 8274)
   defining Unicode char U+20A1 (decimal 8353)
   defining Unicode char U+20A4 (decimal 8356)
   defining Unicode char U+20A6 (decimal 8358)
   defining Unicode char U+20A9 (decimal 8361)
   defining Unicode char U+20AB (decimal 8363)
   defining Unicode char U+20AC (decimal 8364)
   defining Unicode char U+20B1 (decimal 8369)
   defining Unicode char U+2103 (decimal 8451)
   defining Unicode char U+2116 (decimal 8470)
   defining Unicode char U+2117 (decimal 8471)
   defining Unicode char U+211E (decimal 8478)
   defining Unicode char U+2120 (decimal 8480)
   defining Unicode char U+2122 (decimal 8482)
   defining Unicode char U+2126 (decimal 8486)
   defining Unicode char U+2127 (decimal 8487)
   defining Unicode char U+212E (decimal 8494)
   defining Unicode char U+2190 (decimal 8592)
   defining Unicode char U+2191 (decimal 8593)
   defining Unicode char U+2192 (decimal 8594)
   defining Unicode char U+2193 (decimal 8595)
   defining Unicode char U+2329 (decimal 9001)
   defining Unicode char U+232A (decimal 9002)
   defining Unicode char U+2422 (decimal 9250)
   defining Unicode char U+25E6 (decimal 9702)
   defining Unicode char U+25EF (decimal 9711)
   defining Unicode char U+266A (decimal 9834)
   defining Unicode char U+FEFF (decimal 65279)
))
LaTeX Info: Redefining \oldstylenums on input line 334.
Package textcomp Info: Setting cmr sub-encoding to TS1/0 on input line 349.
Package textcomp Info: Setting cmss sub-encoding to TS1/0 on input line 350.
Package textcomp Info: Setting cmtt sub-encoding to TS1/0 on input line 351.
Package textcomp Info: Setting cmvtt sub-encoding to TS1/0 on input line 352.
Package textcomp Info: Setting cmbr sub-encoding to TS1/0 on input line 353.
Package textcomp Info: Setting cmtl sub-encoding to TS1/0 on input line 354.
Package textcomp Info: Setting ccr sub-encoding to TS1/0 on input line 355.
Package textcomp Info: Setting ptm sub-encoding to TS1/4 on input line 356.
Package textcomp Info: Setting pcr sub-encoding to TS1/4 on input line 357.
Package textcomp Info: Setting phv sub-encoding to TS1/4 on input line 358.
Package textcomp Info: Setting ppl sub-encoding to TS1/3 on input line 359.
Package textcomp Info: Setting pag sub-encoding to TS1/4 on input line 360.
Package textcomp Info: Setting pbk sub-encoding to TS1/4 on input line 361.
Package textcomp Info: Setting pnc sub-encoding to TS1/4 on input line 362.
Package textcomp Info: Setting pzc sub-encoding to TS1/4 on input line 363.
Package textcomp Info: Setting bch sub-encoding to TS1/4 on input line 364.
Package textcomp Info: Setting put sub-encoding to TS1/5 on input line 365.
Package textcomp Info: Setting uag sub-encoding to TS1/5 on input line 366.
Package textcomp Info: Setting ugq sub-encoding to TS1/5 on input line 367.
Package textcomp Info: Setting ul8 sub-encoding to TS1/4 on input line 368.
Package textcomp Info: Setting ul9 sub-encoding to TS1/4 on input line 369.
Package textcomp Info: Setting augie sub-encoding to TS1/5 on input line 370.
Package textcomp Info: Setting dayrom sub-encoding to TS1/3 on input line 371.
Package textcomp Info: Setting dayroms sub-encoding to TS1/3 on input line 372.

Package textcomp Info: Setting pxr sub-encoding to TS1/0 on input line 373.
Package textcomp Info: Setting pxss sub-encoding to TS1/0 on input line 374.
Package textcomp Info: Setting pxtt sub-encoding to TS1/0 on input line 375.
Package textcomp Info: Setting txr sub-encoding to TS1/0 on input line 376.
Package textcomp Info: Setting txss sub-encoding to TS1/0 on input line 377.
Package textcomp Info: Setting txtt sub-encoding to TS1/0 on input line 378.
Package textcomp Info: Setting lmr sub-encoding to TS1/0 on input line 379.
Package textcomp Info: Setting lmdh sub-encoding to TS1/0 on input line 380.
Package textcomp Info: Setting lmss sub-encoding to TS1/0 on input line 381.
Package textcomp Info: Setting lmssq sub-encoding to TS1/0 on input line 382.
Package textcomp Info: Setting lmvtt sub-encoding to TS1/0 on input line 383.
Package textcomp Info: Setting lmtt sub-encoding to TS1/0 on input line 384.
Package textcomp Info: Setting qhv sub-encoding to TS1/0 on input line 385.
Package textcomp Info: Setting qag sub-encoding to TS1/0 on input line 386.
Package textcomp Info: Setting qbk sub-encoding to TS1/0 on input line 387.
Package textcomp Info: Setting qcr sub-encoding to TS1/0 on input line 388.
Package textcomp Info: Setting qcs sub-encoding to TS1/0 on input line 389.
Package textcomp Info: Setting qpl sub-encoding to TS1/0 on input line 390.
Package textcomp Info: Setting qtm sub-encoding to TS1/0 on input line 391.
Package textcomp Info: Setting qzc sub-encoding to TS1/0 on input line 392.
Package textcomp Info: Setting qhvc sub-encoding to TS1/0 on input line 393.
Package textcomp Info: Setting futs sub-encoding to TS1/4 on input line 394.
Package textcomp Info: Setting futx sub-encoding to TS1/4 on input line 395.
Package textcomp Info: Setting futj sub-encoding to TS1/4 on input line 396.
Package textcomp Info: Setting hlh sub-encoding to TS1/3 on input line 397.
Package textcomp Info: Setting hls sub-encoding to TS1/3 on input line 398.
Package textcomp Info: Setting hlst sub-encoding to TS1/3 on input line 399.
Package textcomp Info: Setting hlct sub-encoding to TS1/5 on input line 400.
Package textcomp Info: Setting hlx sub-encoding to TS1/5 on input line 401.
Package textcomp Info: Setting hlce sub-encoding to TS1/5 on input line 402.
Package textcomp Info: Setting hlcn sub-encoding to TS1/5 on input line 403.
Package textcomp Info: Setting hlcw sub-encoding to TS1/5 on input line 404.
Package textcomp Info: Setting hlcf sub-encoding to TS1/5 on input line 405.
Package textcomp Info: Setting pplx sub-encoding to TS1/3 on input line 406.
Package textcomp Info: Setting pplj sub-encoding to TS1/3 on input line 407.
Package textcomp Info: Setting ptmx sub-encoding to TS1/4 on input line 408.
Package textcomp Info: Setting ptmj sub-encoding to TS1/4 on input line 409.
)
(/usr/local/texlive/2018/texmf-dist/tex/latex/xcolor/xcolor.sty
Package: xcolor 2016/05/11 v2.12 LaTeX color extensions (UK)

(/usr/local/texlive/2018/texmf-dist/tex/latex/graphics-cfg/color.cfg
File: color.cfg 2016/01/02 v1.6 sample color configuration
)
Package xcolor Info: Package option `usenames' ignored on input line 216.
Package xcolor Info: Driver file: pdftex.def on input line 225.

(/usr/local/texlive/2018/texmf-dist/tex/latex/colortbl/colortbl.sty
Package: colortbl 2012/02/13 v1.0a Color table columns (DPC)

(/usr/local/texlive/2018/texmf-dist/tex/latex/tools/array.sty
Package: array 2018/04/07 v2.4g Tabular extension package (FMi)
\col@sep=\dimen105
\ar@mcellbox=\box28
\extrarowheight=\dimen106
\NC@list=\toks19
\extratabsurround=\skip46
\backup@length=\skip47
\ar@cellbox=\box29
)
\everycr=\toks20
\minrowclearance=\skip48
)
\rownum=\count98
Package xcolor Info: Model `cmy' substituted by `cmy0' on input line 1348.
Package xcolor Info: Model `hsb' substituted by `rgb' on input line 1352.
Package xcolor Info: Model `RGB' extended on input line 1364.
Package xcolor Info: Model `HTML' substituted by `rgb' on input line 1366.
Package xcolor Info: Model `Hsb' substituted by `hsb' on input line 1367.
Package xcolor Info: Model `tHsb' substituted by `hsb' on input line 1368.
Package xcolor Info: Model `HSB' substituted by `hsb' on input line 1369.
Package xcolor Info: Model `Gray' substituted by `gray' on input line 1370.
Package xcolor Info: Model `wave' substituted by `hsb' on input line 1371.

(/usr/local/texlive/2018/texmf-dist/tex/latex/graphics/dvipsnam.def
File: dvipsnam.def 2016/06/17 v3.0m Driver-dependent file (DPC,SPQR)
))
(/usr/local/texlive/2018/texmf-dist/tex/latex/listings/listings.sty
\lst@mode=\count99
\lst@gtempboxa=\box30
\lst@token=\toks21
\lst@length=\count100
\lst@currlwidth=\dimen107
\lst@column=\count101
\lst@pos=\count102
\lst@lostspace=\dimen108
\lst@width=\dimen109
\lst@newlines=\count103
\lst@lineno=\count104
\lst@maxwidth=\dimen110

(/usr/local/texlive/2018/texmf-dist/tex/latex/listings/lstmisc.sty
File: lstmisc.sty 2015/06/04 1.6 (Carsten Heinz)
\c@lstnumber=\count105
\lst@skipnumbers=\count106
\lst@framebox=\box31
)
(/usr/local/texlive/2018/texmf-dist/tex/latex/listings/listings.cfg
File: listings.cfg 2015/06/04 1.6 listings configuration
))
Package: listings 2015/06/04 1.6 (Carsten Heinz)

(/usr/local/texlive/2018/texmf-dist/tex/latex/caption/subcaption.sty
Package: subcaption 2016/05/22 v1.1-161 Sub-captions (AR)

(/usr/local/texlive/2018/texmf-dist/tex/latex/caption/caption.sty
Package: caption 2016/02/21 v3.3-144 Customizing captions (AR)

(/usr/local/texlive/2018/texmf-dist/tex/latex/caption/caption3.sty
Package: caption3 2016/05/22 v1.7-166 caption3 kernel (AR)
Package caption3 Info: TeX engine: e-TeX on input line 67.
\captionmargin=\dimen111
\captionmargin@=\dimen112
\captionwidth=\dimen113
\caption@tempdima=\dimen114
\caption@indent=\dimen115
\caption@parindent=\dimen116
\caption@hangindent=\dimen117
)
\c@ContinuedFloat=\count107
Package caption Info: float package is loaded.
Package caption Info: listings package is loaded.
)
\c@subfigure=\count108
\c@subtable=\count109
)
(/usr/local/texlive/2018/texmf-dist/tex/latex/amsmath/amsmath.sty
Package: amsmath 2017/09/02 v2.17a AMS math features
\@mathmargin=\skip49

For additional information on amsmath, use the `?' option.
(/usr/local/texlive/2018/texmf-dist/tex/latex/amsmath/amstext.sty
Package: amstext 2000/06/29 v2.01 AMS text

(/usr/local/texlive/2018/texmf-dist/tex/latex/amsmath/amsgen.sty
File: amsgen.sty 1999/11/30 v2.0 generic functions
\@emptytoks=\toks22
\ex@=\dimen118
))
(/usr/local/texlive/2018/texmf-dist/tex/latex/amsmath/amsbsy.sty
Package: amsbsy 1999/11/29 v1.2d Bold Symbols
\pmbraise@=\dimen119
)
(/usr/local/texlive/2018/texmf-dist/tex/latex/amsmath/amsopn.sty
Package: amsopn 2016/03/08 v2.02 operator names
)
\inf@bad=\count110
LaTeX Info: Redefining \frac on input line 213.
\uproot@=\count111
\leftroot@=\count112
LaTeX Info: Redefining \overline on input line 375.
\classnum@=\count113
\DOTSCASE@=\count114
LaTeX Info: Redefining \ldots on input line 472.
LaTeX Info: Redefining \dots on input line 475.
LaTeX Info: Redefining \cdots on input line 596.
\Mathstrutbox@=\box32
\strutbox@=\box33
\big@size=\dimen120
LaTeX Font Info:    Redeclaring font encoding OML on input line 712.
LaTeX Font Info:    Redeclaring font encoding OMS on input line 713.
\macc@depth=\count115
\c@MaxMatrixCols=\count116
\dotsspace@=\muskip10
\c@parentequation=\count117
\dspbrk@lvl=\count118
\tag@help=\toks23
\row@=\count119
\column@=\count120
\maxfields@=\count121
\andhelp@=\toks24
\eqnshift@=\dimen121
\alignsep@=\dimen122
\tagshift@=\dimen123
\tagwidth@=\dimen124
\totwidth@=\dimen125
\lineht@=\dimen126
\@envbody=\toks25
\multlinegap=\skip50
\multlinetaggap=\skip51
\mathdisplay@stack=\toks26
LaTeX Info: Redefining \[ on input line 2817.
LaTeX Info: Redefining \] on input line 2818.
)
(/usr/local/texlive/2018/texmf-dist/tex/latex/mathtools/mathtools.sty
Package: mathtools 2018/01/08 v1.21 mathematical typesetting tools

(/usr/local/texlive/2018/texmf-dist/tex/latex/tools/calc.sty
Package: calc 2017/05/25 v4.3 Infix arithmetic (KKT,FJ)
\calc@Acount=\count122
\calc@Bcount=\count123
\calc@Adimen=\dimen127
\calc@Bdimen=\dimen128
\calc@Askip=\skip52
\calc@Bskip=\skip53
LaTeX Info: Redefining \setlength on input line 80.
LaTeX Info: Redefining \addtolength on input line 81.
\calc@Ccount=\count124
\calc@Cskip=\skip54
)
(/usr/local/texlive/2018/texmf-dist/tex/latex/mathtools/mhsetup.sty
Package: mhsetup 2017/03/31 v1.3 programming setup (MH)
)
LaTeX Info: Thecontrolsequence`\('isalreadyrobust on input line 129.
LaTeX Info: Thecontrolsequence`\)'isalreadyrobust on input line 129.
LaTeX Info: Thecontrolsequence`\['isalreadyrobust on input line 129.
LaTeX Info: Thecontrolsequence`\]'isalreadyrobust on input line 129.
\g_MT_multlinerow_int=\count125
\l_MT_multwidth_dim=\dimen129
\origjot=\skip55
\l_MT_shortvdotswithinadjustabove_dim=\dimen130
\l_MT_shortvdotswithinadjustbelow_dim=\dimen131
\l_MT_above_intertext_sep=\dimen132
\l_MT_below_intertext_sep=\dimen133
\l_MT_above_shortintertext_sep=\dimen134
\l_MT_below_shortintertext_sep=\dimen135
)
(/usr/local/texlive/2018/texmf-dist/tex/latex/l3packages/xparse/xparse.sty
(/usr/local/texlive/2018/texmf-dist/tex/latex/l3kernel/expl3.sty
Package: expl3 2018/03/05 L3 programming layer (loader) 

(/usr/local/texlive/2018/texmf-dist/tex/latex/l3kernel/expl3-code.tex
Package: expl3 2018/03/05 L3 programming layer (code)
\c_max_int=\count126
\l_tmpa_int=\count127
\l_tmpb_int=\count128
\g_tmpa_int=\count129
\g_tmpb_int=\count130
\g__intarray_font_int=\count131
\g__prg_map_int=\count132
\c_log_iow=\count133
\l_iow_line_count_int=\count134
\l__iow_line_target_int=\count135
\l__iow_one_indent_int=\count136
\l__iow_indent_int=\count137
\c_zero_dim=\dimen136
\c_max_dim=\dimen137
\l_tmpa_dim=\dimen138
\l_tmpb_dim=\dimen139
\g_tmpa_dim=\dimen140
\g_tmpb_dim=\dimen141
\c_zero_skip=\skip56
\c_max_skip=\skip57
\l_tmpa_skip=\skip58
\l_tmpb_skip=\skip59
\g_tmpa_skip=\skip60
\g_tmpb_skip=\skip61
\c_zero_muskip=\muskip11
\c_max_muskip=\muskip12
\l_tmpa_muskip=\muskip13
\l_tmpb_muskip=\muskip14
\g_tmpa_muskip=\muskip15
\g_tmpb_muskip=\muskip16
\l_keys_choice_int=\count138
\c__fp_leading_shift_int=\count139
\c__fp_middle_shift_int=\count140
\c__fp_trailing_shift_int=\count141
\c__fp_big_leading_shift_int=\count142
\c__fp_big_middle_shift_int=\count143
\c__fp_big_trailing_shift_int=\count144
\c__fp_Bigg_leading_shift_int=\count145
\c__fp_Bigg_middle_shift_int=\count146
\c__fp_Bigg_trailing_shift_int=\count147
\c__fp_rand_size_int=\count148
\c__fp_rand_four_int=\count149
\c__fp_rand_eight_int=\count150
\l__sort_length_int=\count151
\l__sort_min_int=\count152
\l__sort_top_int=\count153
\l__sort_max_int=\count154
\l__sort_true_max_int=\count155
\l__sort_block_int=\count156
\l__sort_begin_int=\count157
\l__sort_end_int=\count158
\l__sort_A_int=\count159
\l__sort_B_int=\count160
\l__sort_C_int=\count161
\l__tl_build_start_index_int=\count162
\l__tl_build_index_int=\count163
\l__tl_analysis_normal_int=\count164
\l__tl_analysis_index_int=\count165
\l__tl_analysis_nesting_int=\count166
\l__tl_analysis_type_int=\count167
\l__regex_internal_a_int=\count168
\l__regex_internal_b_int=\count169
\l__regex_internal_c_int=\count170
\l__regex_balance_int=\count171
\l__regex_group_level_int=\count172
\l__regex_mode_int=\count173
\c__regex_cs_in_class_mode_int=\count174
\c__regex_cs_mode_int=\count175
\l__regex_catcodes_int=\count176
\l__regex_default_catcodes_int=\count177
\c__regex_catcode_D_int=\count178
\c__regex_catcode_S_int=\count179
\c__regex_catcode_L_int=\count180
\c__regex_catcode_O_int=\count181
\c__regex_catcode_A_int=\count182
\c__regex_all_catcodes_int=\count183
\l__regex_show_lines_int=\count184
\l__regex_min_state_int=\count185
\l__regex_max_state_int=\count186
\l__regex_left_state_int=\count187
\l__regex_right_state_int=\count188
\l__regex_capturing_group_int=\count189
\l__regex_min_pos_int=\count190
\l__regex_max_pos_int=\count191
\l__regex_curr_pos_int=\count192
\l__regex_start_pos_int=\count193
\l__regex_success_pos_int=\count194
\l__regex_curr_char_int=\count195
\l__regex_curr_catcode_int=\count196
\l__regex_last_char_int=\count197
\l__regex_case_changed_char_int=\count198
\l__regex_curr_state_int=\count199
\l__regex_step_int=\count266
\l__regex_min_active_int=\count267
\l__regex_max_active_int=\count268
\l__regex_replacement_csnames_int=\count269
\l__regex_match_count_int=\count270
\l__regex_min_submatch_int=\count271
\l__regex_submatch_int=\count272
\l__regex_zeroth_submatch_int=\count273
\g__regex_trace_regex_int=\count274
\c_empty_box=\box34
\l_tmpa_box=\box35
\l_tmpb_box=\box36
\g_tmpa_box=\box37
\g_tmpb_box=\box38
\l__box_top_dim=\dimen142
\l__box_bottom_dim=\dimen143
\l__box_left_dim=\dimen144
\l__box_right_dim=\dimen145
\l__box_top_new_dim=\dimen146
\l__box_bottom_new_dim=\dimen147
\l__box_left_new_dim=\dimen148
\l__box_right_new_dim=\dimen149
\l__box_internal_box=\box39
\l__coffin_internal_box=\box40
\l__coffin_internal_dim=\dimen150
\l__coffin_offset_x_dim=\dimen151
\l__coffin_offset_y_dim=\dimen152
\l__coffin_x_dim=\dimen153
\l__coffin_y_dim=\dimen154
\l__coffin_x_prime_dim=\dimen155
\l__coffin_y_prime_dim=\dimen156
\c_empty_coffin=\box41
\l__coffin_aligned_coffin=\box42
\l__coffin_aligned_internal_coffin=\box43
\l_tmpa_coffin=\box44
\l_tmpb_coffin=\box45
\l__coffin_display_coffin=\box46
\l__coffin_display_coord_coffin=\box47
\l__coffin_display_pole_coffin=\box48
\l__coffin_display_offset_dim=\dimen157
\l__coffin_display_x_dim=\dimen158
\l__coffin_display_y_dim=\dimen159
\l__coffin_bounding_shift_dim=\dimen160
\l__coffin_left_corner_dim=\dimen161
\l__coffin_right_corner_dim=\dimen162
\l__coffin_bottom_corner_dim=\dimen163
\l__coffin_top_corner_dim=\dimen164
\l__coffin_scaled_total_height_dim=\dimen165
\l__coffin_scaled_width_dim=\dimen166
)
(/usr/local/texlive/2018/texmf-dist/tex/latex/l3kernel/l3pdfmode.def
File: l3pdfmode.def 2017/03/18 v L3 Experimental driver: PDF mode
\l__driver_color_stack_int=\count275
))
Package: xparse 2018/02/21 L3 Experimental document command parser
\l__xparse_current_arg_int=\count276
\g__xparse_grabber_int=\count277
\l__xparse_m_args_int=\count278
\l__xparse_mandatory_args_int=\count279
\l__xparse_v_nesting_int=\count280
)
(/usr/local/texlive/2018/texmf-dist/tex/latex/doublestroke/dsfont.sty
Package: dsfont 1995/08/01 v0.1 Double stroke roman fonts
)
(/usr/local/texlive/2018/texmf-dist/tex/latex/stmaryrd/stmaryrd.sty
Package: stmaryrd 1994/03/03 St Mary's Road symbol package
\symstmry=\mathgroup6
LaTeX Font Info:    Overwriting symbol font `stmry' in version `bold'
(Font)                  U/stmry/m/n --> U/stmry/b/n on input line 89.
)
(/usr/local/texlive/2018/texmf-dist/tex/latex/enumitem/enumitem.sty
Package: enumitem 2011/09/28 v3.5.2 Customized lists
\labelindent=\skip62
\enit@outerparindent=\dimen167
\enit@toks=\toks27
\enit@inbox=\box49
\enitdp@description=\count281
)
(/usr/local/texlive/2018/texmf-dist/tex/latex/hyperref/hyperref.sty
Package: hyperref 2018/02/06 v6.86b Hypertext links for LaTeX

(/usr/local/texlive/2018/texmf-dist/tex/generic/oberdiek/hobsub-hyperref.sty
Package: hobsub-hyperref 2016/05/16 v1.14 Bundle oberdiek, subset hyperref (HO)


(/usr/local/texlive/2018/texmf-dist/tex/generic/oberdiek/hobsub-generic.sty
Package: hobsub-generic 2016/05/16 v1.14 Bundle oberdiek, subset generic (HO)
Package: hobsub 2016/05/16 v1.14 Construct package bundles (HO)
Package hobsub Info: Skipping package `infwarerr' (already loaded).
Package hobsub Info: Skipping package `ltxcmds' (already loaded).
Package hobsub Info: Skipping package `ifluatex' (already loaded).
Package: ifvtex 2016/05/16 v1.6 Detect VTeX and its facilities (HO)
Package ifvtex Info: VTeX not detected.
Package: intcalc 2016/05/16 v1.2 Expandable calculations with integers (HO)
Package hobsub Info: Skipping package `ifpdf' (already loaded).
Package hobsub Info: Skipping package `etexcmds' (already loaded).
Package: kvsetkeys 2016/05/16 v1.17 Key value parser (HO)
Package: kvdefinekeys 2016/05/16 v1.4 Define keys (HO)
Package hobsub Info: Skipping package `pdftexcmds' (already loaded).
Package: pdfescape 2016/05/16 v1.14 Implements pdfTeX's escape features (HO)
Package: bigintcalc 2016/05/16 v1.4 Expandable calculations on big integers (HO
)
Package: bitset 2016/05/16 v1.2 Handle bit-vector datatype (HO)
Package: uniquecounter 2016/05/16 v1.3 Provide unlimited unique counter (HO)
)
Package hobsub Info: Skipping package `hobsub' (already loaded).
Package: letltxmacro 2016/05/16 v1.5 Let assignment for LaTeX macros (HO)
Package: hopatch 2016/05/16 v1.3 Wrapper for package hooks (HO)
Package: xcolor-patch 2016/05/16 xcolor patch
Package: atveryend 2016/05/16 v1.9 Hooks at the very end of document (HO)
Package atveryend Info: \enddocument detected (standard20110627).
Package: atbegshi 2016/06/09 v1.18 At begin shipout hook (HO)
Package: refcount 2016/05/16 v3.5 Data extraction from label references (HO)
Package: hycolor 2016/05/16 v1.8 Color options for hyperref/bookmark (HO)
)
(/usr/local/texlive/2018/texmf-dist/tex/generic/ifxetex/ifxetex.sty
Package: ifxetex 2010/09/12 v0.6 Provides ifxetex conditional
)
(/usr/local/texlive/2018/texmf-dist/tex/latex/oberdiek/auxhook.sty
Package: auxhook 2016/05/16 v1.4 Hooks for auxiliary files (HO)
)
(/usr/local/texlive/2018/texmf-dist/tex/latex/oberdiek/kvoptions.sty
Package: kvoptions 2016/05/16 v3.12 Key value format for package options (HO)
)
\@linkdim=\dimen168
\Hy@linkcounter=\count282
\Hy@pagecounter=\count283

(/usr/local/texlive/2018/texmf-dist/tex/latex/hyperref/pd1enc.def
File: pd1enc.def 2018/02/06 v6.86b Hyperref: PDFDocEncoding definition (HO)
Now handling font encoding PD1 ...
... no UTF-8 mapping file for font encoding PD1
)
\Hy@SavedSpaceFactor=\count284

(/usr/local/texlive/2018/texmf-dist/tex/latex/latexconfig/hyperref.cfg
File: hyperref.cfg 2002/06/06 v1.2 hyperref configuration of TeXLive
)
Package hyperref Info: Hyper figures OFF on input line 4509.
Package hyperref Info: Link nesting OFF on input line 4514.
Package hyperref Info: Hyper index ON on input line 4517.
Package hyperref Info: Plain pages OFF on input line 4524.
Package hyperref Info: Backreferencing OFF on input line 4529.
Package hyperref Info: Implicit mode ON; LaTeX internals redefined.
Package hyperref Info: Bookmarks ON on input line 4762.
\c@Hy@tempcnt=\count285

(/usr/local/texlive/2018/texmf-dist/tex/latex/url/url.sty
\Urlmuskip=\muskip17
Package: url 2013/09/16  ver 3.4  Verb mode for urls, etc.
)
LaTeX Info: Redefining \url on input line 5115.
\XeTeXLinkMargin=\dimen169
\Fld@menulength=\count286
\Field@Width=\dimen170
\Fld@charsize=\dimen171
Package hyperref Info: Hyper figures OFF on input line 6369.
Package hyperref Info: Link nesting OFF on input line 6374.
Package hyperref Info: Hyper index ON on input line 6377.
Package hyperref Info: backreferencing OFF on input line 6384.
Package hyperref Info: Link coloring OFF on input line 6389.
Package hyperref Info: Link coloring with OCG OFF on input line 6394.
Package hyperref Info: PDF/A mode OFF on input line 6399.
LaTeX Info: Redefining \ref on input line 6439.
LaTeX Info: Redefining \pageref on input line 6443.
\Hy@abspage=\count287
\c@Item=\count288
\c@Hfootnote=\count289
)
Package hyperref Info: Driver (autodetected): hpdftex.

(/usr/local/texlive/2018/texmf-dist/tex/latex/hyperref/hpdftex.def
File: hpdftex.def 2018/02/06 v6.86b Hyperref driver for pdfTeX
\Fld@listcount=\count290
\c@bookmark@seq@number=\count291

(/usr/local/texlive/2018/texmf-dist/tex/latex/oberdiek/rerunfilecheck.sty
Package: rerunfilecheck 2016/05/16 v1.8 Rerun checks for auxiliary files (HO)
Package uniquecounter Info: New unique counter `rerunfilecheck' on input line 2
82.
)
\Hy@SectionHShift=\skip63
)
(/usr/local/texlive/2018/texmf-dist/tex/latex/cleveref/cleveref.sty
Package: cleveref 2018/03/03 v0.21.3 Intelligent cross-referencing
Package cleveref Info: `hyperref' support loaded on input line 2234.
LaTeX Info: Redefining \cref on input line 2234.
LaTeX Info: Redefining \Cref on input line 2234.
LaTeX Info: Redefining \crefrange on input line 2234.
LaTeX Info: Redefining \Crefrange on input line 2234.
LaTeX Info: Redefining \cpageref on input line 2234.
LaTeX Info: Redefining \Cpageref on input line 2234.
LaTeX Info: Redefining \cpagerefrange on input line 2234.
LaTeX Info: Redefining \Cpagerefrange on input line 2234.
LaTeX Info: Redefining \labelcref on input line 2234.
LaTeX Info: Redefining \labelcpageref on input line 2234.
Package cleveref Info: `algorithmicx' support loaded on input line 2984.
Package cleveref Info: `listings' support loaded on input line 2995.
)
(/usr/local/texlive/2018/texmf-dist/tex/latex/lipsum/lipsum.sty
Package: lipsum 2014/07/27 v1.3 150 paragraphs of Lorem Ipsum dummy text
\c@lips@count=\count292
)
(/usr/local/texlive/2018/texmf-dist/tex/generic/ulem/ulem.sty
\UL@box=\box50
\UL@hyphenbox=\box51
\UL@skip=\skip64
\UL@hook=\toks28
\UL@height=\dimen172
\UL@pe=\count293
\UL@pixel=\dimen173
\ULC@box=\box52
Package: ulem 2012/05/18
\ULdepth=\dimen174
)
(/usr/local/texlive/2018/texmf-dist/tex/latex/tools/multicol.sty
Package: multicol 2018/04/01 v1.8r multicolumn formatting (FMi)
\c@tracingmulticols=\count294
\mult@box=\box53
\multicol@leftmargin=\dimen175
\c@unbalance=\count295
\c@collectmore=\count296
\doublecol@number=\count297
\multicoltolerance=\count298
\multicolpretolerance=\count299
\full@width=\dimen176
\page@free=\dimen177
\premulticols=\dimen178
\postmulticols=\dimen179
\multicolsep=\skip65
\multicolbaselineskip=\skip66
\partial@page=\box54
\last@line=\box55
\maxbalancingoverflow=\dimen180
\mult@rightbox=\box56
\mult@grightbox=\box57
\mult@gfirstbox=\box58
\mult@firstbox=\box59
\@tempa=\box60
\@tempa=\box61
\@tempa=\box62
\@tempa=\box63
\@tempa=\box64
\@tempa=\box65
\@tempa=\box66
\@tempa=\box67
\@tempa=\box68
\@tempa=\box69
\@tempa=\box70
\@tempa=\box71
\@tempa=\box72
\@tempa=\box73
\@tempa=\box74
\@tempa=\box75
\@tempa=\box76
\c@columnbadness=\count300
\c@finalcolumnbadness=\count301
\last@try=\dimen181
\multicolovershoot=\dimen182
\multicolundershoot=\dimen183
\mult@nat@firstbox=\box77
\colbreak@box=\box78
\mc@col@check@num=\count302
)
(/usr/local/texlive/2018/texmf-dist/tex/latex/etoolbox/etoolbox.sty
Package: etoolbox 2018/02/11 v2.5e e-TeX tools for LaTeX (JAW)
\etb@tempcnta=\count303
)
(/usr/local/texlive/2018/texmf-dist/tex/latex/varwidth/varwidth.sty
Package: varwidth 2009/03/30 ver 0.92;  Variable-width minipages
\@vwid@box=\box79
\sift@deathcycles=\count304
\@vwid@loff=\dimen184
\@vwid@roff=\dimen185
)
(/usr/local/texlive/2018/texmf-dist/tex/latex/tools/xspace.sty
Package: xspace 2014/10/28 v1.13 Space after command names (DPC,MH)
)
(/usr/local/texlive/2018/texmf-dist/tex/latex/multirow/multirow.sty
Package: multirow 2016/11/25 v2.2 Span multiple rows of a table
\multirow@colwidth=\skip67
\multirow@cntb=\count305
\multirow@dima=\skip68
\bigstrutjot=\dimen186
)
(/usr/local/texlive/2018/texmf-dist/tex/latex/listings/lstlang1.sty
File: lstlang1.sty 2015/06/04 1.6 listings language file
)
(/usr/local/texlive/2018/texmf-dist/tex/latex/booktabs/booktabs.sty
Package: booktabs 2016/04/27 v1.618033 publication quality tables
\heavyrulewidth=\dimen187
\lightrulewidth=\dimen188
\cmidrulewidth=\dimen189
\belowrulesep=\dimen190
\belowbottomsep=\dimen191
\aboverulesep=\dimen192
\abovetopsep=\dimen193
\cmidrulesep=\dimen194
\cmidrulekern=\dimen195
\defaultaddspace=\dimen196
\@cmidla=\count306
\@cmidlb=\count307
\@aboverulesep=\dimen197
\@belowrulesep=\dimen198
\@thisruleclass=\count308
\@lastruleclass=\count309
\@thisrulewidth=\dimen199
)
(/usr/local/texlive/2018/texmf-dist/tex/latex/preprint/balance.sty
Package: balance 1999/02/23 4.3 (PWD)
\oldvsize=\dimen256
)
(/usr/local/texlive/2018/texmf-dist/tex/latex/geometry/geometry.sty
Package: geometry 2018/03/24 v5.7 Page Geometry
\Gm@cnth=\count310
\Gm@cntv=\count311
\c@Gm@tempcnt=\count312
\Gm@bindingoffset=\dimen257
\Gm@wd@mp=\dimen258
\Gm@odd@mp=\dimen259
\Gm@even@mp=\dimen260
\Gm@layoutwidth=\dimen261
\Gm@layoutheight=\dimen262
\Gm@layouthoffset=\dimen263
\Gm@layoutvoffset=\dimen264
\Gm@dimlist=\toks29
)
(/usr/local/texlive/2018/texmf-dist/tex/latex/graphics/epsfig.sty
Package: epsfig 2017/06/25 v1.7b (e)psfig emulation (SPQR)
\epsfxsize=\dimen265
\epsfysize=\dimen266
)
(/usr/local/texlive/2018/texmf-dist/tex/latex/amscls/amsthm.sty
Package: amsthm 2017/10/31 v2.20.4
\thm@style=\toks30
\thm@bodyfont=\toks31
\thm@headfont=\toks32
\thm@notefont=\toks33
\thm@headpunct=\toks34
\thm@preskip=\skip69
\thm@postskip=\skip70
\thm@headsep=\skip71
\dth@everypar=\toks35
)

Package hyperref Warning: Unexpected value for option `hidelinks'
(hyperref)                is ignored on input line 61.

\c@scenario=\count313
\c@property=\count314
\c@transformation=\count315
\c@example=\count316
\c@proposition=\count317
\c@lemma=\count318

Package array Warning: Column L is already defined on input line 229.


Package array Warning: Column C is already defined on input line 230.


Package array Warning: Column R is already defined on input line 231.

(/usr/local/texlive/2018/texmf-dist/tex/latex/oberdiek/grffile.sty
Package: grffile 2017/06/30 v1.18 Extended file name support for graphics (HO)
Package grffile Info: Option `multidot' is set to `true'.
Package grffile Info: Option `extendedchars' is set to `false'.
Package grffile Info: Option `space' is set to `true'.
Package grffile Info: \Gin@ii of package `graphicx' fixed on input line 494.
)

Package array Warning: Column L is already defined on input line 288.


Package array Warning: Column C is already defined on input line 289.


Package array Warning: Column R is already defined on input line 290.

) (./main.aux (./acknowlegements.aux) (./Introduction.aux)
(./ProblemOverview.aux) (./QueryLogSummarization/chapter3.aux)
(./TKDE-QuerySimilarity/chapter6.aux

LaTeX Warning: Label `sec:conclusion' multiply defined.


LaTeX Warning: Label `sec:conclusion@cref' multiply defined.

) (./SchemaSummarization/chapter5.aux

LaTeX Warning: Label `sec:introduction' multiply defined.


LaTeX Warning: Label `sec:introduction@cref' multiply defined.

) (./ProbabilisticDatabaseSummarization/chapter4.aux

LaTeX Warning: Label `uniformprior' multiply defined.


LaTeX Warning: Label `uniformprior@cref' multiply defined.

) (./conclusions.aux) (./appendix1.aux))
\openout1 = `main.aux'.

LaTeX Font Info:    Checking defaults for OML/cmm/m/it on input line 20.
LaTeX Font Info:    ... okay on input line 20.
LaTeX Font Info:    Checking defaults for T1/cmr/m/n on input line 20.
LaTeX Font Info:    ... okay on input line 20.
LaTeX Font Info:    Checking defaults for OT1/cmr/m/n on input line 20.
LaTeX Font Info:    ... okay on input line 20.
LaTeX Font Info:    Checking defaults for OMS/cmsy/m/n on input line 20.
LaTeX Font Info:    ... okay on input line 20.
LaTeX Font Info:    Checking defaults for OMX/cmex/m/n on input line 20.
LaTeX Font Info:    ... okay on input line 20.
LaTeX Font Info:    Checking defaults for U/cmr/m/n on input line 20.
LaTeX Font Info:    ... okay on input line 20.
LaTeX Font Info:    Checking defaults for TS1/cmr/m/n on input line 20.
LaTeX Font Info:    Try loading font information for TS1+cmr on input line 20.

(/usr/local/texlive/2018/texmf-dist/tex/latex/base/ts1cmr.fd
File: ts1cmr.fd 2014/09/29 v2.5h Standard LaTeX font definitions
)
LaTeX Font Info:    ... okay on input line 20.
LaTeX Font Info:    Checking defaults for PD1/pdf/m/n on input line 20.
LaTeX Font Info:    ... okay on input line 20.

(/usr/local/texlive/2018/texmf-dist/tex/context/base/mkii/supp-pdf.mkii
[Loading MPS to PDF converter (version 2006.09.02).]
\scratchcounter=\count319
\scratchdimen=\dimen267
\scratchbox=\box80
\nofMPsegments=\count320
\nofMParguments=\count321
\everyMPshowfont=\toks36
\MPscratchCnt=\count322
\MPscratchDim=\dimen268
\MPnumerator=\count323
\makeMPintoPDFobject=\count324
\everyMPtoPDFconversion=\toks37
) (/usr/local/texlive/2018/texmf-dist/tex/latex/oberdiek/epstopdf-base.sty
Package: epstopdf-base 2016/05/15 v2.6 Base part for package epstopdf

(/usr/local/texlive/2018/texmf-dist/tex/latex/oberdiek/grfext.sty
Package: grfext 2016/05/16 v1.2 Manage graphics extensions (HO)
)
Package epstopdf-base Info: Redefining graphics rule for `.eps' on input line 4
38.
Package grfext Info: Graphics extension search list:
(grfext)             [.pdf,.png,.jpg,.mps,.jpeg,.jbig2,.jb2,.PDF,.PNG,.JPG,.JPE
G,.JBIG2,.JB2,.eps]
(grfext)             \AppendGraphicsExtensions on input line 456.

(/usr/local/texlive/2018/texmf-dist/tex/latex/latexconfig/epstopdf-sys.cfg
File: epstopdf-sys.cfg 2010/07/13 v1.3 Configuration of (r)epstopdf for TeX Liv
e
))
\c@lstlisting=\count325
Package caption Info: Begin \AtBeginDocument code.
Package caption Info: hyperref package is loaded.
Package caption Info: End \AtBeginDocument code.
\AtBeginShipoutBox=\box81
Package hyperref Info: Link coloring OFF on input line 20.

(/usr/local/texlive/2018/texmf-dist/tex/latex/hyperref/nameref.sty
Package: nameref 2016/05/21 v2.44 Cross-referencing by name of section

(/usr/local/texlive/2018/texmf-dist/tex/generic/oberdiek/gettitlestring.sty
Package: gettitlestring 2016/05/16 v1.5 Cleanup title references (HO)
)
\c@section@level=\count326
)
LaTeX Info: Redefining \ref on input line 20.
LaTeX Info: Redefining \pageref on input line 20.
LaTeX Info: Redefining \nameref on input line 20.

(./main.out) (./main.out)
\@outlinefile=\write3
\openout3 = `main.out'.


*geometry* detected driver: pdftex
*geometry* verbose mode - [ preamble ] result:
* driver: pdftex
* paper: letterpaper
* layout: <same size as paper>
* layoutoffset:(h,v)=(0.0pt,0.0pt)
* modes: 
* h-part:(L,W,R)=(92.14519pt, 430.00462pt, 92.14519pt)
* v-part:(T,H,B)=(95.39737pt, 556.47656pt, 143.09605pt)
* \paperwidth=614.295pt
* \paperheight=794.96999pt
* \textwidth=430.00462pt
* \textheight=556.47656pt
* \oddsidemargin=19.8752pt
* \evensidemargin=19.8752pt
* \topmargin=-13.87262pt
* \headheight=12.0pt
* \headsep=25.0pt
* \topskip=12.0pt
* \footskip=30.0pt
* \marginparwidth=35.0pt
* \marginparsep=10.0pt
* \columnsep=10.0pt
* \skip\footins=10.8pt plus 4.0pt minus 2.0pt
* \hoffset=0.0pt
* \voffset=0.0pt
* \mag=1000
* \@twocolumnfalse
* \@twosidefalse
* \@mparswitchfalse
* \@reversemarginfalse
* (1in=72.27pt=25.4mm, 1cm=28.453pt)

<graphics/ublogo.png, id=376, 467.346pt x 177.3024pt>
File: graphics/ublogo.png Graphic file (type png)
<use graphics/ublogo.png>
Package pdftex.def Info: graphics/ublogo.png  used on input line 32.
(pdftex.def)             Requested size: 91.04881pt x 34.54pt.
[1


{/usr/local/texlive/2018/texmf-var/fonts/map/pdftex/updmap/pdftex.map} <./graph
ics/ublogo.png>]
\openout2 = `acknowlegements.aux'.

 (./acknowlegements.tex [2


]) (./main.toc
LaTeX Font Info:    Try loading font information for U+msa on input line 4.

(/usr/local/texlive/2018/texmf-dist/tex/latex/amsfonts/umsa.fd
File: umsa.fd 2013/01/14 v3.01 AMS symbols A
)
LaTeX Font Info:    Try loading font information for U+msb on input line 4.

(/usr/local/texlive/2018/texmf-dist/tex/latex/amsfonts/umsb.fd
File: umsb.fd 2013/01/14 v3.01 AMS symbols B
)
LaTeX Font Info:    Try loading font information for U+stmry on input line 4.

(/usr/local/texlive/2018/texmf-dist/tex/latex/stmaryrd/Ustmry.fd) [1



] [2]
Overfull \hbox (24.27028pt too wide) in paragraph at lines 77--77
 [] [][]\OT1/cmr/bx/n/12 Application: Sum-ma-riz-ing Tu-ple Cor-re-la-tion in P
rob-a-bilis-tic Databases[] []  
 []

[3])
\tf@toc=\write4
\openout4 = `main.toc'.

 [4] (./main.lof)
\tf@lof=\write5
\openout5 = `main.lof'.

 [5

]
\openout2 = `Introduction.aux'.

 (./Introduction.tex
Chapter 1.
)pdfTeX warning (ext4): destination with the same identifier (name{page.1}) has
 been already used, duplicate ignored
<to be read again> 
                   \relax 
l.41 \include{Introduction}
                            [1



]
\openout2 = `ProblemOverview.aux'.

 (./ProblemOverview.tex
Chapter 2.
)pdfTeX warning (ext4): destination with the same identifier (name{page.2}) has
 been already used, duplicate ignored
<to be read again> 
                   \relax 
l.42 \include{ProblemOverview}
                               [2



]
\openout2 = `QueryLogSummarization/chapter3.aux'.

 (./QueryLogSummarization/chapter3.tex
Chapter 3.
[3



] (./QueryLogSummarization/sections/abstract.tex) [4

]
(./QueryLogSummarization/sections/1-intro.tex [5] [6])
(./QueryLogSummarization/sections/2-problem-definition.tex [7] [8]
Overfull \hbox (57.30566pt too wide) in paragraph at lines 55--61
\OT1/cmr/m/it/12 The query has $\OT1/cmr/m/n/12 6$ \OT1/cmr/m/it/12 features$\O
T1/cmr/m/n/12 :$ $[]$\OT1/cmr/m/it/12 , $[]$, $[]$, $[]$,
 []

[9]
Overfull \hbox (10.56241pt too wide) in paragraph at lines 109--117
[]\OT1/cmr/bx/n/12 Example 3. []\OT1/cmr/m/it/12 Con-tin-u-ing, the uni-verse o
f fea-tures for this query log is (1) $[]$,
 []


Underfull \hbox (badness 10000) in paragraph at lines 109--117
\OT1/cmr/m/it/12 (2) $[]$,
 []


Underfull \hbox (badness 10000) in paragraph at lines 109--117
\OT1/cmr/m/it/12 (3) $[]$, (4) $[]$,
 []


Underfull \hbox (badness 3838) in paragraph at lines 126--130
[]|\OT1/cmtt/m/n/10.95 sms[]type\OT1/cmr/m/n/10.95 , []\OT1/cmtt/m/n/10.95 exte
rnal[]ids[]\OT1/cmr/m/n/10.95 , []\OT1/cmtt/m/n/10.95 time\OT1/cmr/m/n/10.95 ,
 []

[10] [11]) (./QueryLogSummarization/sections/3-evaluation.tex [12] [13])
[14] (./QueryLogSummarization/sections/3.2-practical.tex [15] [16])
(./QueryLogSummarization/sections/3.5-data-engineering.tex
Underfull \hbox (badness 10000) in paragraph at lines 23--24

 []

[17]
Underfull \hbox (badness 10000) in paragraph at lines 26--27

 []


Underfull \hbox (badness 10000) in paragraph at lines 27--28

 []


Underfull \hbox (badness 10000) in paragraph at lines 28--29

 []

[18] [19]
<QueryLogSummarization/graphics/ErrorVNumCluster.pdf, id=749, 1177.53316pt x 26
3.51807pt>
File: QueryLogSummarization/graphics/ErrorVNumCluster.pdf Graphic file (type pd
f)
<use QueryLogSummarization/graphics/ErrorVNumCluster.pdf>
Package pdftex.def Info: QueryLogSummarization/graphics/ErrorVNumCluster.pdf  u
sed on input line 257.
(pdftex.def)             Requested size: 423.55481pt x 94.78601pt.
<QueryLogSummarization/graphics/TotalVerbosityVNumCluster.pdf, id=750, 1175.321
9pt x 204.21097pt>
File: QueryLogSummarization/graphics/TotalVerbosityVNumCluster.pdf Graphic file
 (type pdf)
<use QueryLogSummarization/graphics/TotalVerbosityVNumCluster.pdf>
Package pdftex.def Info: QueryLogSummarization/graphics/TotalVerbosityVNumClust
er.pdf  used on input line 271.
(pdftex.def)             Requested size: 421.40268pt x 73.21675pt.
<QueryLogSummarization/graphics/RunningTimeVNumCluster.pdf, id=751, 1195.69489p
t x 203.28403pt>
File: QueryLogSummarization/graphics/RunningTimeVNumCluster.pdf Graphic file (t
ype pdf)
<use QueryLogSummarization/graphics/RunningTimeVNumCluster.pdf>
Package pdftex.def Info: QueryLogSummarization/graphics/RunningTimeVNumCluster.
pdf  used on input line 283.
(pdftex.def)             Requested size: 425.70692pt x 72.3757pt.


LaTeX Warning: `!h' float specifier changed to `!ht'.

[20] [21 <./QueryLogSummarization/graphics/ErrorVNumCluster.pdf> <./QueryLogSum
marization/graphics/TotalVerbosityVNumCluster.pdf> <./QueryLogSummarization/gra
phics/RunningTimeVNumCluster.pdf>] [22] [23]
<QueryLogSummarization/graphics/synthesis_error.pdf, id=855, 740.69208pt x 217.
53586pt>
File: QueryLogSummarization/graphics/synthesis_error.pdf Graphic file (type pdf
)
<use QueryLogSummarization/graphics/synthesis_error.pdf>
Package pdftex.def Info: QueryLogSummarization/graphics/synthesis_error.pdf  us
ed on input line 504.
(pdftex.def)             Requested size: 210.70462pt x 61.88217pt.
<QueryLogSummarization/graphics/marginal_deviation.pdf, id=856, 753.54375pt x 2
26.01935pt>
File: QueryLogSummarization/graphics/marginal_deviation.pdf Graphic file (type 
pdf)
<use QueryLogSummarization/graphics/marginal_deviation.pdf>
Package pdftex.def Info: QueryLogSummarization/graphics/marginal_deviation.pdf 
 used on input line 511.
(pdftex.def)             Requested size: 210.70462pt x 63.19876pt.
 [24 <./QueryLogSummarization/graphics/synthesis_error.pdf> <./QueryLogSummariz
ation/graphics/marginal_deviation.pdf>] [25]) (./QueryLogSummarization/sections
/6-experiments.tex
<QueryLogSummarization/graphics/ContainmentCapturesDeviation_BankData.pdf, id=9
07, 756.23085pt x 206.44896pt>
File: QueryLogSummarization/graphics/ContainmentCapturesDeviation_BankData.pdf 
Graphic file (type pdf)
<use QueryLogSummarization/graphics/ContainmentCapturesDeviation_BankData.pdf>
Package pdftex.def Info: QueryLogSummarization/graphics/ContainmentCapturesDevi
ation_BankData.pdf  used on input line 44.
(pdftex.def)             Requested size: 206.40038pt x 56.34679pt.
<QueryLogSummarization/graphics/ContainmentCapturesDeviation_PocketData.pdf, id
=908, 756.85593pt x 214.4162pt>
File: QueryLogSummarization/graphics/ContainmentCapturesDeviation_PocketData.pd
f Graphic file (type pdf)
<use QueryLogSummarization/graphics/ContainmentCapturesDeviation_PocketData.pdf
>
Package pdftex.def Info: QueryLogSummarization/graphics/ContainmentCapturesDevi
ation_PocketData.pdf  used on input line 51.
(pdftex.def)             Requested size: 206.40038pt x 58.47223pt.
<QueryLogSummarization/graphics/ErrorCapturesDeviation_BankData.pdf, id=909, 77
1.65561pt x 202.7409pt>
File: QueryLogSummarization/graphics/ErrorCapturesDeviation_BankData.pdf Graphi
c file (type pdf)
<use QueryLogSummarization/graphics/ErrorCapturesDeviation_BankData.pdf>
Package pdftex.def Info: QueryLogSummarization/graphics/ErrorCapturesDeviation_
BankData.pdf  used on input line 58.
(pdftex.def)             Requested size: 208.55249pt x 54.79337pt.
<QueryLogSummarization/graphics/ErrorCapturesDeviation_PocketData.pdf, id=910, 
757.46207pt x 203.28566pt>
File: QueryLogSummarization/graphics/ErrorCapturesDeviation_PocketData.pdf Grap
hic file (type pdf)
<use QueryLogSummarization/graphics/ErrorCapturesDeviation_PocketData.pdf>
Package pdftex.def Info: QueryLogSummarization/graphics/ErrorCapturesDeviation_
PocketData.pdf  used on input line 65.
(pdftex.def)             Requested size: 208.55249pt x 55.97041pt.
<QueryLogSummarization/graphics/ErrorCapturesCorrelation_BankData.pdf, id=911, 
753.61972pt x 203.52228pt>
File: QueryLogSummarization/graphics/ErrorCapturesCorrelation_BankData.pdf Grap
hic file (type pdf)
<use QueryLogSummarization/graphics/ErrorCapturesCorrelation_BankData.pdf>
Package pdftex.def Info: QueryLogSummarization/graphics/ErrorCapturesCorrelatio
n_BankData.pdf  used on input line 85.
(pdftex.def)             Requested size: 206.40038pt x 55.74054pt.
<QueryLogSummarization/graphics/ErrorCapturesCorrelation_PocketData.pdf, id=912
, 762.31094pt x 204.0798pt>
File: QueryLogSummarization/graphics/ErrorCapturesCorrelation_PocketData.pdf Gr
aphic file (type pdf)
<use QueryLogSummarization/graphics/ErrorCapturesCorrelation_PocketData.pdf>
Package pdftex.def Info: QueryLogSummarization/graphics/ErrorCapturesCorrelatio
n_PocketData.pdf  used on input line 91.
(pdftex.def)             Requested size: 206.40038pt x 55.25487pt.


LaTeX Warning: `!h' float specifier changed to `!ht'.

[26] [27 <./QueryLogSummarization/graphics/ContainmentCapturesDeviation_BankDat
a.pdf> <./QueryLogSummarization/graphics/ContainmentCapturesDeviation_PocketDat
a.pdf> <./QueryLogSummarization/graphics/ErrorCapturesDeviation_BankData.pdf> <
./QueryLogSummarization/graphics/ErrorCapturesDeviation_PocketData.pdf> <./Quer
yLogSummarization/graphics/ErrorCapturesCorrelation_BankData.pdf> <./QueryLogSu
mmarization/graphics/ErrorCapturesCorrelation_PocketData.pdf>] [28] [29]
[30]
<QueryLogSummarization/graphics/PatternMixtureSummaryErrorComparisonAlone_bankd
ata.pdf, id=1066, 742.31784pt x 278.55287pt>
File: QueryLogSummarization/graphics/PatternMixtureSummaryErrorComparisonAlone_
bankdata.pdf Graphic file (type pdf)
<use QueryLogSummarization/graphics/PatternMixtureSummaryErrorComparisonAlone_b
ankdata.pdf>
Package pdftex.def Info: QueryLogSummarization/graphics/PatternMixtureSummaryEr
rorComparisonAlone_bankdata.pdf  used on input line 217.
(pdftex.def)             Requested size: 202.10269pt x 75.83508pt.
<QueryLogSummarization/graphics/PatternMixtureSummaryErrorComparisonPiggybackin
g_bankdata.pdf, id=1067, 735.07013pt x 274.87067pt>
File: QueryLogSummarization/graphics/PatternMixtureSummaryErrorComparisonPiggyb
acking_bankdata.pdf Graphic file (type pdf)
<use QueryLogSummarization/graphics/PatternMixtureSummaryErrorComparisonPiggyba
cking_bankdata.pdf>
Package pdftex.def Info: QueryLogSummarization/graphics/PatternMixtureSummaryEr
rorComparisonPiggybacking_bankdata.pdf  used on input line 223.
(pdftex.def)             Requested size: 202.10269pt x 75.57079pt.
<QueryLogSummarization/graphics/PatternMixtureSummaryRunningTime_bankdata.pdf, 
id=1068, 753.9196pt x 277.95674pt>
File: QueryLogSummarization/graphics/PatternMixtureSummaryRunningTime_bankdata.
pdf Graphic file (type pdf)
<use QueryLogSummarization/graphics/PatternMixtureSummaryRunningTime_bankdata.p
df>
Package pdftex.def Info: QueryLogSummarization/graphics/PatternMixtureSummaryRu
nningTime_bankdata.pdf  used on input line 229.
(pdftex.def)             Requested size: 202.10269pt x 74.51067pt.
 [31])
(./QueryLogSummarization/sections/6.5-evaluate-alternative-applications.tex

LaTeX Warning: `!h' float specifier changed to `!ht'.

[32 <./QueryLogSummarization/graphics/PatternMixtureSummaryErrorComparisonAlone
_bankdata.pdf> <./QueryLogSummarization/graphics/PatternMixtureSummaryErrorComp
arisonPiggybacking_bankdata.pdf> <./QueryLogSummarization/graphics/PatternMixtu
reSummaryRunningTime_bankdata.pdf>] [33] [34]
<QueryLogSummarization/graphics/Laserlight_Errors_vs_NumOfClusters.pdf, id=1151
, 726.42528pt x 286.79991pt>
File: QueryLogSummarization/graphics/Laserlight_Errors_vs_NumOfClusters.pdf Gra
phic file (type pdf)
<use QueryLogSummarization/graphics/Laserlight_Errors_vs_NumOfClusters.pdf>
Package pdftex.def Info: QueryLogSummarization/graphics/Laserlight_Errors_vs_Nu
mOfClusters.pdf  used on input line 198.
(pdftex.def)             Requested size: 202.10269pt x 79.7914pt.
<QueryLogSummarization/graphics/MTV_Error_vs_NumOfClusters.pdf, id=1152, 741.42
7pt x 287.09392pt>
File: QueryLogSummarization/graphics/MTV_Error_vs_NumOfClusters.pdf Graphic fil
e (type pdf)
<use QueryLogSummarization/graphics/MTV_Error_vs_NumOfClusters.pdf>
Package pdftex.def Info: QueryLogSummarization/graphics/MTV_Error_vs_NumOfClust
ers.pdf  used on input line 204.
(pdftex.def)             Requested size: 202.10269pt x 78.25671pt.
 [35 <./QueryLogSummarization/graphics/Laserlight_Errors_vs_NumOfClusters.pdf> 
<./QueryLogSummarization/graphics/MTV_Error_vs_NumOfClusters.pdf>])
(./QueryLogSummarization/sections/1.5-background.tex [36]
Overfull \hbox (10.371pt too wide) in paragraph at lines 45--49
\OT1/cmr/m/n/12 fur-ther work-load anal-y-sis on Sloan Dig-i-tal Sky Sur-vey (S
DSS) dataset. QueryScope [[]]
 []

[37]) (./QueryLogSummarization/sections/7-discussion_futureworks.tex [38])
(./QueryLogSummarization/sections/acknowledgements.tex)) [39] [40]
\openout2 = `TKDE-QuerySimilarity/chapter6.aux'.


(./TKDE-QuerySimilarity/chapter6.tex
Chapter 4.
(./TKDE-QuerySimilarity/sections/0-abstract.tex [41



] [42

])
(./TKDE-QuerySimilarity/sections/1-intro.tex [43] [44] [45])
(./TKDE-QuerySimilarity/sections/2-background.tex
Overfull \hbox (90.12581pt too wide) in paragraph at lines 13--29
 [][] 
 []


LaTeX Warning: `h' float specifier changed to `ht'.

[46] [47]

LaTeX Warning: Reference `appendix:aligon' on page 48 undefined on input line 7
9.

[48]

LaTeX Warning: No positions in optional float specifier.
               Default added (so using `tbp') on input line 101.

LaTeX Font Info:    Try loading font information for OMS+cmr on input line 108.

(/usr/local/texlive/2018/texmf-dist/tex/latex/base/omscmr.fd
File: omscmr.fd 2014/09/29 v2.5h Standard LaTeX font definitions
)
LaTeX Font Info:    Font shape `OMS/cmr/m/n' in size <12> not available
(Font)              Font shape `OMS/cmsy/m/n' tried instead on input line 108.
)
(./TKDE-QuerySimilarity/sections/3-system.tex [49] [50] [51]
Overfull \hbox (2.099pt too wide) in paragraph at lines 110--112
[]\OT1/cmr/m/n/12 To de-correlate a \OT1/cmtt/m/n/12 NOT EXISTS \OT1/cmr/m/n/12
 pred-i-cate, we use the set-difference op-er-a-tor \OT1/cmtt/m/n/12 EXCEPT\OT1
/cmr/m/n/12 .
 []

) (./TKDE-QuerySimilarity/sections/4-workloads.tex [52] [53]

LaTeX Warning: Reference `appendix:examGrade' on page 54 undefined on input lin
e 61.

[54]

LaTeX Warning: Float too large for page by 214.96646pt on input line 194.


LaTeX Warning: `h' float specifier changed to `ht'.

[55]) (./TKDE-QuerySimilarity/sections/5-experiments.tex [56]
<TKDE-QuerySimilarity/graphics/compare_silhouette.pdf, id=1521, 648.4225pt x 36
1.35pt>
File: TKDE-QuerySimilarity/graphics/compare_silhouette.pdf Graphic file (type p
df)
<use TKDE-QuerySimilarity/graphics/compare_silhouette.pdf>
Package pdftex.def Info: TKDE-QuerySimilarity/graphics/compare_silhouette.pdf  
used on input line 23.
(pdftex.def)             Requested size: 206.40038pt x 115.02234pt.
<TKDE-QuerySimilarity/graphics/compare_betacv.pdf, id=1522, 648.4225pt x 361.35
pt>
File: TKDE-QuerySimilarity/graphics/compare_betacv.pdf Graphic file (type pdf)
<use TKDE-QuerySimilarity/graphics/compare_betacv.pdf>
Package pdftex.def Info: TKDE-QuerySimilarity/graphics/compare_betacv.pdf  used
 on input line 29.
(pdftex.def)             Requested size: 206.40038pt x 115.02234pt.
<TKDE-QuerySimilarity/graphics/compare_dunn.pdf, id=1523, 648.4225pt x 361.35pt
>
File: TKDE-QuerySimilarity/graphics/compare_dunn.pdf Graphic file (type pdf)
<use TKDE-QuerySimilarity/graphics/compare_dunn.pdf>
Package pdftex.def Info: TKDE-QuerySimilarity/graphics/compare_dunn.pdf  used o
n input line 35.
(pdftex.def)             Requested size: 206.40038pt x 115.02234pt.
 [57 <./TKDE-QuerySimilarity/graphics/compare_silhouette.pdf> <./TKDE-QuerySimi
larity/graphics/compare_betacv.pdf> <./TKDE-QuerySimilarity/graphics/compare_du
nn.pdf>]
<TKDE-QuerySimilarity/graphics/sil_bombay_Aligon.pdf, id=1545, 648.4225pt x 397
.485pt>
File: TKDE-QuerySimilarity/graphics/sil_bombay_Aligon.pdf Graphic file (type pd
f)
<use TKDE-QuerySimilarity/graphics/sil_bombay_Aligon.pdf>
Package pdftex.def Info: TKDE-QuerySimilarity/graphics/sil_bombay_Aligon.pdf  u
sed on input line 57.
(pdftex.def)             Requested size: 193.50076pt x 118.61565pt.
<TKDE-QuerySimilarity/graphics/sil_bombay_Aligon_regularization.pdf, id=1546, 6
48.4225pt x 397.485pt>
File: TKDE-QuerySimilarity/graphics/sil_bombay_Aligon_regularization.pdf Graphi
c file (type pdf)
<use TKDE-QuerySimilarity/graphics/sil_bombay_Aligon_regularization.pdf>
Package pdftex.def Info: TKDE-QuerySimilarity/graphics/sil_bombay_Aligon_regula
rization.pdf  used on input line 64.
(pdftex.def)             Requested size: 193.50076pt x 118.61565pt.
<TKDE-QuerySimilarity/graphics/sil_ub_Aligon.pdf, id=1547, 648.4225pt x 397.485
pt>
File: TKDE-QuerySimilarity/graphics/sil_ub_Aligon.pdf Graphic file (type pdf)
<use TKDE-QuerySimilarity/graphics/sil_ub_Aligon.pdf>
Package pdftex.def Info: TKDE-QuerySimilarity/graphics/sil_ub_Aligon.pdf  used 
on input line 71.
(pdftex.def)             Requested size: 193.50076pt x 118.61565pt.
<TKDE-QuerySimilarity/graphics/sil_ub_Aligon_regularization.pdf, id=1548, 648.4
225pt x 397.485pt>
File: TKDE-QuerySimilarity/graphics/sil_ub_Aligon_regularization.pdf Graphic fi
le (type pdf)
<use TKDE-QuerySimilarity/graphics/sil_ub_Aligon_regularization.pdf>
Package pdftex.def Info: TKDE-QuerySimilarity/graphics/sil_ub_Aligon_regulariza
tion.pdf  used on input line 78.
(pdftex.def)             Requested size: 193.50076pt x 118.61565pt.
<TKDE-QuerySimilarity/graphics/sil_googleplus_Aligon.pdf, id=1549, 648.4225pt x
 397.485pt>
File: TKDE-QuerySimilarity/graphics/sil_googleplus_Aligon.pdf Graphic file (typ
e pdf)
<use TKDE-QuerySimilarity/graphics/sil_googleplus_Aligon.pdf>
Package pdftex.def Info: TKDE-QuerySimilarity/graphics/sil_googleplus_Aligon.pd
f  used on input line 85.
(pdftex.def)             Requested size: 193.50076pt x 118.61565pt.
<TKDE-QuerySimilarity/graphics/sil_googleplus_Aligon_regularization.pdf, id=155
0, 648.4225pt x 397.485pt>
File: TKDE-QuerySimilarity/graphics/sil_googleplus_Aligon_regularization.pdf Gr
aphic file (type pdf)
<use TKDE-QuerySimilarity/graphics/sil_googleplus_Aligon_regularization.pdf>
Package pdftex.def Info: TKDE-QuerySimilarity/graphics/sil_googleplus_Aligon_re
gularization.pdf  used on input line 92.
(pdftex.def)             Requested size: 193.50076pt x 118.61565pt.


LaTeX Warning: `!h' float specifier changed to `!ht'.

[58] [59 <./TKDE-QuerySimilarity/graphics/sil_bombay_Aligon.pdf> <./TKDE-QueryS
imilarity/graphics/sil_bombay_Aligon_regularization.pdf> <./TKDE-QuerySimilarit
y/graphics/sil_ub_Aligon.pdf> <./TKDE-QuerySimilarity/graphics/sil_ub_Aligon_re
gularization.pdf> <./TKDE-QuerySimilarity/graphics/sil_googleplus_Aligon.pdf> <
./TKDE-QuerySimilarity/graphics/sil_googleplus_Aligon_regularization.pdf>]
[60] [61] [62]

LaTeX Warning: `h' float specifier changed to `ht'.

[63] [64]
<TKDE-QuerySimilarity/graphics/module.pdf, id=1636, 648.4225pt x 397.485pt>
File: TKDE-QuerySimilarity/graphics/module.pdf Graphic file (type pdf)
<use TKDE-QuerySimilarity/graphics/module.pdf>
Package pdftex.def Info: TKDE-QuerySimilarity/graphics/module.pdf  used on inpu
t line 356.
(pdftex.def)             Requested size: 301.00192pt x 184.51321pt.


LaTeX Warning: `!h' float specifier changed to `!ht'.

) (./TKDE-QuerySimilarity/sections/6-discussion.tex [65] [66 <./TKDE-QuerySimil
arity/graphics/module.pdf>]) (./TKDE-QuerySimilarity/sections/scenarios.tex
[67]) (./TKDE-QuerySimilarity/sections/7-conclusion.tex [68])) [69] [70]
[71] [72] [73] [74]
\openout2 = `SchemaSummarization/chapter5.aux'.

 (./SchemaSummarization/chapter5.tex
Chapter 5.
[75



] (./SchemaSummarization/sections/abstract.tex) [76

]
(./SchemaSummarization/sections/introduction.tex

LaTeX Warning: Citation `DBLP:conf/cidr/LiuG15' on page 77 undefined on input l
ine 10.


LaTeX Warning: Citation `DBLP:conf/edbt/BaaziziLCGS17' on page 77 undefined on 
input line 10.


LaTeX Warning: Citation `DBLP:conf/sigmod/DiScalaA16' on page 77 undefined on i
nput line 10.


LaTeX Warning: Citation `DBLP:conf/vldb/GoldmanW97' on page 77 undefined on inp
ut line 10.


LaTeX Warning: Citation `spoth:2017:cidr:adaptive' on page 77 undefined on inpu
t line 10.


LaTeX Warning: Citation `DBLP:conf/sigmod/DiScalaA16' on page 77 undefined on i
nput line 14.


LaTeX Warning: Citation `DBLP:conf/vldb/GoldmanW97' on page 77 undefined on inp
ut line 14.

[77]

LaTeX Warning: Citation `Codd:1979:EDR:320107.320109' on page 78 undefined on i
nput line 28.


LaTeX Warning: Citation `DBLP:conf/sigmod/DiScalaA16' on page 78 undefined on i
nput line 30.

LaTeX Font Info:    Font shape `OT1/cmtt/bx/n' in size <14.4> not available
(Font)              Font shape `OT1/cmtt/m/n' tried instead on input line 47.

Package hyperref Warning: Token not allowed in a PDF string (PDFDocEncoding):
(hyperref)                removing `math shift' on input line 47.


Package hyperref Warning: Token not allowed in a PDF string (PDFDocEncoding):
(hyperref)                removing `superscript' on input line 47.


Package hyperref Warning: Token not allowed in a PDF string (PDFDocEncoding):
(hyperref)                removing `math shift' on input line 47.

[78]
<SchemaSummarization/img/UI.pdf, id=1730, 563.25531pt x 329.23824pt>
File: SchemaSummarization/img/UI.pdf Graphic file (type pdf)
<use SchemaSummarization/img/UI.pdf>
Package pdftex.def Info: SchemaSummarization/img/UI.pdf  used on input line 67.

(pdftex.def)             Requested size: 387.00153pt x 226.21005pt.
) (./SchemaSummarization/sections/distribution.tex [79]
Overfull \hbox (5.26308pt too wide) in paragraph at lines 10--15
[]\OT1/cmr/m/n/12 Specifically, at-tributes are grouped based on both cor-re-la
-tions and anti-correlations
 []

[80 <./SchemaSummarization/img/UI.pdf>]
LaTeX Font Info:    Try loading font information for OMS+cmtt on input line 30.

LaTeX Font Info:    No file OMScmtt.fd. on input line 30.


LaTeX Font Warning: Font shape `OMS/cmtt/m/n' undefined
(Font)              using `OMS/cmsy/m/n' instead
(Font)              for symbol `textbraceleft' on input line 30.

[81]
Overfull \hbox (64.46352pt too wide) in paragraph at lines 70--78
[][]\OT1/cmr/m/it/12 1.[]  []| [] []2.[]  []|[] []3.[]  []|[] []4.[]  []|
 []


LaTeX Warning: Citation `oracledataguide' on page 82 undefined on input line 88
.


LaTeX Warning: Citation `DBLP:conf/sigmod/LiuHMLC16' on page 82 undefined on in
put line 88.

[82]

LaTeX Warning: Citation `pharmadata' on page 83 undefined on input line 93.

[83] [84]

LaTeX Warning: Citation `Dalvi:2013:DPI:2395116.2395119' on page 85 undefined o
n input line 195.


LaTeX Warning: Citation `DBLP:conf/focs/Burgisser01' on page 85 undefined on in
put line 195.


LaTeX Warning: Citation `DBLP:conf/sigmod/HanPY00' on page 85 undefined on inpu
t line 198.

<SchemaSummarization/img/collapse-FPTree.pdf, id=1828, 541.77351pt x 188.08517p
t>
File: SchemaSummarization/img/collapse-FPTree.pdf Graphic file (type pdf)
<use SchemaSummarization/img/collapse-FPTree.pdf>
Package pdftex.def Info: SchemaSummarization/img/collapse-FPTree.pdf  used on i
nput line 203.
(pdftex.def)             Requested size: 430.00462pt x 149.28879pt.

LaTeX Warning: Citation `DBLP:conf/sigmod/HanPY00' on page 85 undefined on inpu
t line 214.

[85 <./SchemaSummarization/img/collapse-FPTree.pdf>]

LaTeX Warning: Citation `Johnson1967' on page 86 undefined on input line 230.

[86]
<SchemaSummarization/img/collapse-RCDC.pdf, id=1878, 402.0348pt x 81.19876pt>
File: SchemaSummarization/img/collapse-RCDC.pdf Graphic file (type pdf)
<use SchemaSummarization/img/collapse-RCDC.pdf>
Package pdftex.def Info: SchemaSummarization/img/collapse-RCDC.pdf  used on inp
ut line 246.
(pdftex.def)             Requested size: 344.005pt x 69.47891pt.
) (./SchemaSummarization/sections/visualization.tex
<SchemaSummarization/img/twitterFullTree.png, id=1879, 649.67719pt x 1306.8825p
t>
File: SchemaSummarization/img/twitterFullTree.png Graphic file (type png)
<use SchemaSummarization/img/twitterFullTree.png>
Package pdftex.def Info: SchemaSummarization/img/twitterFullTree.png  used on i
nput line 26.
(pdftex.def)             Requested size: 98.0408pt x 197.20045pt.
<SchemaSummarization/img/twitterSegment.png, id=1880, 1519.92844pt x 1179.65718
pt>
File: SchemaSummarization/img/twitterSegment.png Graphic file (type png)
<use SchemaSummarization/img/twitterSegment.png>
Package pdftex.def Info: SchemaSummarization/img/twitterSegment.png  used on in
put line 32.
(pdftex.def)             Requested size: 253.70114pt x 196.90305pt.
 [87 <./SchemaSummarization/img/collapse-RCDC.pdf>]
<SchemaSummarization/img/YelpCovMat.png, id=1909, 2141.75156pt x 1044.90375pt>
File: SchemaSummarization/img/YelpCovMat.png Graphic file (type png)
<use SchemaSummarization/img/YelpCovMat.png>
Package pdftex.def Info: SchemaSummarization/img/YelpCovMat.png  used on input 
line 51.
(pdftex.def)             Requested size: 430.00462pt x 209.79018pt.
 [88 <./SchemaSummarization/img/twitterFullTree.png> <./SchemaSummarization/img
/twitterSegment.png>]

LaTeX Warning: Citation `DBLP:conf/gd/EllsonGKNW00' on page 89 undefined on inp
ut line 60.


LaTeX Warning: Citation `twitterdecahose' on page 89 undefined on input line 67
.


LaTeX Warning: Citation `yelpdata' on page 89 undefined on input line 67.

[89 <./SchemaSummarization/img/YelpCovMat.png>]
<SchemaSummarization/img/YelpUI.pdf, id=1921, 563.25531pt x 329.23824pt>
File: SchemaSummarization/img/YelpUI.pdf Graphic file (type pdf)
<use SchemaSummarization/img/YelpUI.pdf>
Package pdftex.def Info: SchemaSummarization/img/YelpUI.pdf  used on input line
 83.
(pdftex.def)             Requested size: 430.00462pt x 242.77988pt.
 [90 <./SchemaSummarization/img/YelpUI.pdf>]

LaTeX Warning: Citation `facetmap' on page 91 undefined on input line 95.

[91]
<SchemaSummarization/img/YelpUIH.pdf, id=1956, 563.25531pt x 329.23824pt>
File: SchemaSummarization/img/YelpUIH.pdf Graphic file (type pdf)
<use SchemaSummarization/img/YelpUIH.pdf>
Package pdftex.def Info: SchemaSummarization/img/YelpUIH.pdf  used on input lin
e 124.
(pdftex.def)             Requested size: 430.00462pt x 251.34897pt.
 [92 <./SchemaSummarization/img/YelpUIH.pdf>])
(./SchemaSummarization/sections/related.tex

LaTeX Warning: Citation `DBLP:conf/vldb/GoldmanW97' on page 93 undefined on inp
ut line 4.


LaTeX Warning: Citation `DBLP:conf/cidr/LiuG15' on page 93 undefined on input l
ine 6.


LaTeX Warning: Citation `DBLP:conf/sigmod/LiuHMLC16' on page 93 undefined on in
put line 6.


LaTeX Warning: Citation `DBLP:conf/edbt/BaaziziLCGS17' on page 93 undefined on 
input line 7.


LaTeX Warning: Citation `DBLP:conf/dbpl/BaaziziCGS17' on page 93 undefined on i
nput line 7.


LaTeX Warning: Citation `spoth:2017:cidr:adaptive' on page 93 undefined on inpu
t line 7.


LaTeX Warning: Citation `DBLP:conf/edbt/BaaziziLCGS17' on page 93 undefined on 
input line 8.


LaTeX Warning: Citation `DBLP:conf/chi/KandelPHH11' on page 93 undefined on inp
ut line 9.


Overfull \hbox (0.1597pt too wide) in paragraph at lines 2--10
\OT1/cmr/bx/n/12 Schema Ex-trac-tion.  \OT1/cmr/m/n/12 Schema ex-trac-tion for 
Json, as well as for other self-describing
 []


LaTeX Warning: Citation `DBLP:conf/cidr/LiuG15' on page 93 undefined on input l
ine 13.


LaTeX Warning: Citation `DBLP:conf/sigmod/DiScalaA16' on page 93 undefined on i
nput line 14.


LaTeX Warning: Citation `Smith:2006:FSS:1187627.1187785' on page 93 undefined o
n input line 18.

) [93] (./SchemaSummarization/sections/future.tex)) [94]
\openout2 = `ProbabilisticDatabaseSummarization/chapter4.aux'.


(./ProbabilisticDatabaseSummarization/chapter4.tex
Chapter 6.
[95



] (./ProbabilisticDatabaseSummarization/sections/abstract.tex) [96

]
(./ProbabilisticDatabaseSummarization/sections/1-intro.tex

LaTeX Warning: Citation `papadakis2016comparative' on page 97 undefined on inpu
t line 4.


LaTeX Warning: Citation `Gupta:2006:CPD:1182635.1164210' on page 97 undefined o
n input line 5.


LaTeX Warning: Citation `suciu2009probabilistic' on page 97 undefined on input 
line 8.


LaTeX Warning: Citation `Gupta:2006:CPD:1182635.1164210' on page 97 undefined o
n input line 11.


LaTeX Warning: Citation `suciu2009probabilistic' on page 97 undefined on input 
line 16.


LaTeX Warning: Citation `Gupta:2006:CPD:1182635.1164210' on page 97 undefined o
n input line 17.

[97]

LaTeX Warning: Citation `suciu2009probabilistic' on page 98 undefined on input 
line 27.


LaTeX Warning: Citation `friedman1999learning' on page 98 undefined on input li
ne 27.


LaTeX Warning: Citation `sen2007representing' on page 98 undefined on input lin
e 27.


LaTeX Warning: Citation `sen2009prdb' on page 98 undefined on input line 27.


LaTeX Warning: Citation `jha2012probabilistic' on page 98 undefined on input li
ne 27.


Overfull \hbox (3.1431pt too wide) in paragraph at lines 27--30
[]\OT1/cmr/m/n/12 To en-code tu-ple cor-re-la-tion, var-i-ous kind of aux-il-ia
ry in-for-ma-tion (e.g., \OT1/cmr/m/it/12 c-tables \OT1/cmr/m/n/12 [[]],
 []


LaTeX Warning: Citation `suciu2009probabilistic' on page 98 undefined on input 
line 31.

[98]) (./ProbabilisticDatabaseSummarization/sections/3-problem-definition.tex

LaTeX Warning: Citation `Dalvi:2009:PDD:1538788.1538810' on page 99 undefined o
n input line 4.

[99]
<ProbabilisticDatabaseSummarization/graphics/Data_Flow_Diagram.pdf, id=2012, 88
5.3075pt x 313.17pt>
File: ProbabilisticDatabaseSummarization/graphics/Data_Flow_Diagram.pdf Graphic
 file (type pdf)
<use ProbabilisticDatabaseSummarization/graphics/Data_Flow_Diagram.pdf>
Package pdftex.def Info: ProbabilisticDatabaseSummarization/graphics/Data_Flow_
Diagram.pdf  used on input line 23.
(pdftex.def)             Requested size: 430.00462pt x 152.11185pt.


LaTeX Warning: Citation `suciu2009probabilistic' on page 100 undefined on input
 line 36.


LaTeX Warning: Citation `suciu2009probabilistic' on page 100 undefined on input
 line 39.

[100 <./ProbabilisticDatabaseSummarization/graphics/Data_Flow_Diagram.pdf

pdfTeX warning: /Library/TeX/texbin/pdflatex (file ./ProbabilisticDatabaseSumma
rization/graphics/Data_Flow_Diagram.pdf): PDF inclusion: invalid other resource
 which is no dict (key 'ProcSets', type <array>); ignored.
>] [101]

LaTeX Warning: Citation `suciu2009probabilistic' on page 102 undefined on input
 line 65.


LaTeX Warning: Citation `friedman1999learning' on page 102 undefined on input l
ine 69.

[102])
(./ProbabilisticDatabaseSummarization/sections/3.5-RepresentationDeliverable.te
x [103])
(./ProbabilisticDatabaseSummarization/sections/4-RepresentationAccuracy.tex
[104]

LaTeX Warning: Citation `xie2018query' on page 105 undefined on input line 19.

[105]

LaTeX Warning: Citation `xie2018query' on page 106 undefined on input line 39.

[106] [107] [108])
(./ProbabilisticDatabaseSummarization/sections/2-relatedwork.tex

LaTeX Warning: Citation `suciu2009probabilistic' on page 109 undefined on input
 line 6.


LaTeX Warning: Citation `cui2003lineage' on page 109 undefined on input line 9.



LaTeX Warning: Citation `benjelloun2006uldbs' on page 109 undefined on input li
ne 11.


LaTeX Warning: Citation `Huang:2009:MPD:1559845.1559984' on page 109 undefined 
on input line 14.


LaTeX Warning: Citation `re2007materialized' on page 109 undefined on input lin
e 15.


LaTeX Warning: Citation `friedman1999learning' on page 109 undefined on input l
ine 19.


LaTeX Warning: Citation `sen2007representing' on page 109 undefined on input li
ne 19.


LaTeX Warning: Citation `sen2009prdb' on page 109 undefined on input line 19.

[109]

LaTeX Warning: Citation `jha2012probabilistic' on page 110 undefined on input l
ine 27.


LaTeX Warning: Citation `shin2015incremental' on page 110 undefined on input li
ne 28.


LaTeX Warning: Citation `jampani2008mcdb' on page 110 undefined on input line 3
0.

)) [110]
\openout2 = `conclusions.aux'.

 (./conclusions.tex
Chapter 7.
) [111



] (./main.bbl [112


] [113] [114] [115] [116] [117] [118] [119]) [120]
\openout2 = `appendix1.aux'.


(./appendix1.tex
Appendix A.
) [121


]
Package atveryend Info: Empty hook `BeforeClearDocument' on input line 60.
Package atveryend Info: Empty hook `AfterLastShipout' on input line 60.
 (./main.aux (./acknowlegements.aux) (./Introduction.aux)
(./ProblemOverview.aux) (./QueryLogSummarization/chapter3.aux)
(./TKDE-QuerySimilarity/chapter6.aux) (./SchemaSummarization/chapter5.aux)
(./ProbabilisticDatabaseSummarization/chapter4.aux) (./conclusions.aux)
(./appendix1.aux))
Package atveryend Info: Executing hook `AtVeryEndDocument' on input line 60.
Package atveryend Info: Executing hook `AtEndAfterFileList' on input line 60.
Package rerunfilecheck Info: File `main.out' has not changed.
(rerunfilecheck)             Checksum: 9DDAB8F11B1C2C374EA30ABD443AD992;6846.


LaTeX Font Warning: Some font shapes were not available, defaults substituted.


LaTeX Warning: There were undefined references.


LaTeX Warning: There were multiply-defined labels.

Package atveryend Info: Empty hook `AtVeryVeryEnd' on input line 60.
 ) 
Here is how much of TeX's memory you used:
 24189 strings out of 492649
 431805 string characters out of 6129622
 647272 words of memory out of 5000000
 27230 multiletter control sequences out of 15000+600000
 550065 words of font info for 101 fonts, out of 8000000 for 9000
 1142 hyphenation exceptions out of 8191
 44i,17n,44p,10391b,1521s stack positions out of 5000i,500n,10000p,200000b,80000s
</usr/local/texlive/2018/texmf-dist/fonts/type1/public/amsfonts/cm/cmbx10.pfb
></usr/local/texlive/2018/texmf-dist/fonts/type1/public/amsfonts/cm/cmbx12.pfb>
</usr/local/texlive/2018/texmf-dist/fonts/type1/public/amsfonts/cm/cmbx8.pfb></
usr/local/texlive/2018/texmf-dist/fonts/type1/public/amsfonts/cm/cmcsc10.pfb></
usr/local/texlive/2018/texmf-dist/fonts/type1/public/amsfonts/cm/cmex10.pfb></u
sr/local/texlive/2018/texmf-dist/fonts/type1/public/amsfonts/cm/cmitt10.pfb></u
sr/local/texlive/2018/texmf-dist/fonts/type1/public/amsfonts/cm/cmmi10.pfb></us
r/local/texlive/2018/texmf-dist/fonts/type1/public/amsfonts/cm/cmmi12.pfb></usr
/local/texlive/2018/texmf-dist/fonts/type1/public/amsfonts/cm/cmmi6.pfb></usr/l
ocal/texlive/2018/texmf-dist/fonts/type1/public/amsfonts/cm/cmmi8.pfb></usr/loc
al/texlive/2018/texmf-dist/fonts/type1/public/amsfonts/cm/cmr10.pfb></usr/local
/texlive/2018/texmf-dist/fonts/type1/public/amsfonts/cm/cmr12.pfb></usr/local/t
exlive/2018/texmf-dist/fonts/type1/public/amsfonts/cm/cmr17.pfb></usr/local/tex
live/2018/texmf-dist/fonts/type1/public/amsfonts/cm/cmr6.pfb></usr/local/texliv
e/2018/texmf-dist/fonts/type1/public/amsfonts/cm/cmr7.pfb></usr/local/texlive/2
018/texmf-dist/fonts/type1/public/amsfonts/cm/cmr8.pfb></usr/local/texlive/2018
/texmf-dist/fonts/type1/public/amsfonts/cm/cmsy10.pfb></usr/local/texlive/2018/
texmf-dist/fonts/type1/public/amsfonts/cm/cmsy6.pfb></usr/local/texlive/2018/te
xmf-dist/fonts/type1/public/amsfonts/cm/cmsy8.pfb></usr/local/texlive/2018/texm
f-dist/fonts/type1/public/amsfonts/cm/cmti10.pfb></usr/local/texlive/2018/texmf
-dist/fonts/type1/public/amsfonts/cm/cmti12.pfb></usr/local/texlive/2018/texmf-
dist/fonts/type1/public/amsfonts/cm/cmtt10.pfb></usr/local/texlive/2018/texmf-d
ist/fonts/type1/public/amsfonts/cm/cmtt12.pfb></usr/local/texlive/2018/texmf-di
st/fonts/type1/public/amsfonts/symbols/msbm10.pfb></usr/local/texlive/2018/texm
f-dist/fonts/type1/urw/helvetic/uhvr8a.pfb>
Output written on main.pdf (128 pages, 4632202 bytes).
PDF statistics:
 2372 PDF objects out of 2487 (max. 8388607)
 2001 compressed objects within 21 object streams
 409 named destinations out of 1000 (max. 500000)
 931 words of extra memory for PDF output out of 10000 (max. 10000000)

